<?xml version="1.0" encoding="UTF-8"?>
<testsuite name="apap.ti._5.accommodation_2306214510_be.service.PropertyEdgeCasesTest" tests="28" skipped="0" failures="0" errors="0" timestamp="2025-11-08T14:04:36.088Z" hostname="Zacs-MacBook-Air.local" time="0.013">
  <properties/>
  <testcase name="testSearchProperties_ByType_Hotel()" classname="apap.ti._5.accommodation_2306214510_be.service.PropertyEdgeCasesTest" time="0.001"/>
  <testcase name="testSearchProperties_ByType_Villa()" classname="apap.ti._5.accommodation_2306214510_be.service.PropertyEdgeCasesTest" time="0.0"/>
  <testcase name="testGetAllProperties_Multiple()" classname="apap.ti._5.accommodation_2306214510_be.service.PropertyEdgeCasesTest" time="0.001"/>
  <testcase name="testGeneratePropertyId_Villa_SmallNumber()" classname="apap.ti._5.accommodation_2306214510_be.service.PropertyEdgeCasesTest" time="0.0"/>
  <testcase name="testCountProperties()" classname="apap.ti._5.accommodation_2306214510_be.service.PropertyEdgeCasesTest" time="0.0"/>
  <testcase name="testUpdateProperty()" classname="apap.ti._5.accommodation_2306214510_be.service.PropertyEdgeCasesTest" time="0.0"/>
  <testcase name="testCreateProperty()" classname="apap.ti._5.accommodation_2306214510_be.service.PropertyEdgeCasesTest" time="0.0"/>
  <testcase name="testCalculateTotalRooms_WithRooms()" classname="apap.ti._5.accommodation_2306214510_be.service.PropertyEdgeCasesTest" time="0.001"/>
  <testcase name="testDeleteProperty_NotFound()" classname="apap.ti._5.accommodation_2306214510_be.service.PropertyEdgeCasesTest" time="0.0"/>
  <testcase name="testGeneratePropertyId_Apartment_LargeNumber()" classname="apap.ti._5.accommodation_2306214510_be.service.PropertyEdgeCasesTest" time="0.001"/>
  <testcase name="testDeleteProperty_ChangesStatus()" classname="apap.ti._5.accommodation_2306214510_be.service.PropertyEdgeCasesTest" time="0.0"/>
  <testcase name="testSearchProperties_ByType_Apartment()" classname="apap.ti._5.accommodation_2306214510_be.service.PropertyEdgeCasesTest" time="0.0"/>
  <testcase name="testGeneratePropertyId_Apartment_SmallNumber()" classname="apap.ti._5.accommodation_2306214510_be.service.PropertyEdgeCasesTest" time="0.0"/>
  <testcase name="testGetPropertyById_NotFound()" classname="apap.ti._5.accommodation_2306214510_be.service.PropertyEdgeCasesTest" time="0.001"/>
  <testcase name="testCountPropertiesByOwner()" classname="apap.ti._5.accommodation_2306214510_be.service.PropertyEdgeCasesTest" time="0.0"/>
  <testcase name="testSearchProperties_AllThreeFilters()" classname="apap.ti._5.accommodation_2306214510_be.service.PropertyEdgeCasesTest" time="0.001"/>
  <testcase name="testSearchProperties_EmptyResult()" classname="apap.ti._5.accommodation_2306214510_be.service.PropertyEdgeCasesTest" time="0.0"/>
  <testcase name="testSearchProperties_ByStatus_Active()" classname="apap.ti._5.accommodation_2306214510_be.service.PropertyEdgeCasesTest" time="0.001"/>
  <testcase name="testGeneratePropertyId_Hotel_LargeNumber()" classname="apap.ti._5.accommodation_2306214510_be.service.PropertyEdgeCasesTest" time="0.0"/>
  <testcase name="testCalculateTotalRooms_NoRooms()" classname="apap.ti._5.accommodation_2306214510_be.service.PropertyEdgeCasesTest" time="0.0"/>
  <testcase name="testGetAllProperties_Empty()" classname="apap.ti._5.accommodation_2306214510_be.service.PropertyEdgeCasesTest" time="0.001"/>
  <testcase name="testCanDeleteProperty_NoFutureBookings()" classname="apap.ti._5.accommodation_2306214510_be.service.PropertyEdgeCasesTest" time="0.0"/>
  <testcase name="testGetPropertyById_Found()" classname="apap.ti._5.accommodation_2306214510_be.service.PropertyEdgeCasesTest" time="0.001"/>
  <testcase name="testSearchProperties_MultipleResults()" classname="apap.ti._5.accommodation_2306214510_be.service.PropertyEdgeCasesTest" time="0.0"/>
  <testcase name="testGeneratePropertyId_Hotel_SmallNumber()" classname="apap.ti._5.accommodation_2306214510_be.service.PropertyEdgeCasesTest" time="0.0"/>
  <testcase name="testGeneratePropertyId_Villa_MediumNumber()" classname="apap.ti._5.accommodation_2306214510_be.service.PropertyEdgeCasesTest" time="0.001"/>
  <testcase name="testSearchProperties_ByStatus_Inactive()" classname="apap.ti._5.accommodation_2306214510_be.service.PropertyEdgeCasesTest" time="0.0"/>
  <testcase name="testCanDeleteProperty_HasFutureBookings()" classname="apap.ti._5.accommodation_2306214510_be.service.PropertyEdgeCasesTest" time="0.0"/>
  <system-out><![CDATA[]]></system-out>
  <system-err><![CDATA[]]></system-err>
</testsuite>
