<?xml version="1.0" encoding="UTF-8"?>
<testsuite name="apap.ti._5.accommodation_2306214510_be.restcontroller.BookingRestControllerComprehensiveTest" tests="40" skipped="0" failures="0" errors="0" timestamp="2025-11-08T14:04:35.532Z" hostname="Zacs-MacBook-Air.local" time="0.185">
  <properties/>
  <testcase name="testGetAllBookings_TwoBookings()" classname="apap.ti._5.accommodation_2306214510_be.restcontroller.BookingRestControllerComprehensiveTest" time="0.134"/>
  <testcase name="testGetAllBookings_StatusWithResults()" classname="apap.ti._5.accommodation_2306214510_be.restcontroller.BookingRestControllerComprehensiveTest" time="0.002"/>
  <testcase name="testGetAllBookings_SearchName()" classname="apap.ti._5.accommodation_2306214510_be.restcontroller.BookingRestControllerComprehensiveTest" time="0.001"/>
  <testcase name="testGetAllBookings_SearchEmail()" classname="apap.ti._5.accommodation_2306214510_be.restcontroller.BookingRestControllerComprehensiveTest" time="0.001"/>
  <testcase name="testGetAllBookings_SearchSpecialCharacters()" classname="apap.ti._5.accommodation_2306214510_be.restcontroller.BookingRestControllerComprehensiveTest" time="0.001"/>
  <testcase name="testGetAllBookings_SearchNameStatus0()" classname="apap.ti._5.accommodation_2306214510_be.restcontroller.BookingRestControllerComprehensiveTest" time="0.005"/>
  <testcase name="testGetAllBookings_SearchNameStatus1()" classname="apap.ti._5.accommodation_2306214510_be.restcontroller.BookingRestControllerComprehensiveTest" time="0.001"/>
  <testcase name="testGetAllBookings_SearchNameStatus2()" classname="apap.ti._5.accommodation_2306214510_be.restcontroller.BookingRestControllerComprehensiveTest" time="0.001"/>
  <testcase name="testGetAllBookings_SearchNameStatus3()" classname="apap.ti._5.accommodation_2306214510_be.restcontroller.BookingRestControllerComprehensiveTest" time="0.001"/>
  <testcase name="testGetAllBookings_SearchNameStatus4()" classname="apap.ti._5.accommodation_2306214510_be.restcontroller.BookingRestControllerComprehensiveTest" time="0.002"/>
  <testcase name="testGetAllBookings_SearchShortTerm()" classname="apap.ti._5.accommodation_2306214510_be.restcontroller.BookingRestControllerComprehensiveTest" time="0.001"/>
  <testcase name="testGetBookingById_DifferentFormats()" classname="apap.ti._5.accommodation_2306214510_be.restcontroller.BookingRestControllerComprehensiveTest" time="0.002"/>
  <testcase name="testGetAllBookings_NullSearchNullStatus()" classname="apap.ti._5.accommodation_2306214510_be.restcontroller.BookingRestControllerComprehensiveTest" time="0.001"/>
  <testcase name="testGetAllBookings_SearchEmailStatus0()" classname="apap.ti._5.accommodation_2306214510_be.restcontroller.BookingRestControllerComprehensiveTest" time="0.0"/>
  <testcase name="testGetAllBookings_SearchEmailStatus1()" classname="apap.ti._5.accommodation_2306214510_be.restcontroller.BookingRestControllerComprehensiveTest" time="0.0"/>
  <testcase name="testGetAllBookings_SearchEmailStatus2()" classname="apap.ti._5.accommodation_2306214510_be.restcontroller.BookingRestControllerComprehensiveTest" time="0.0"/>
  <testcase name="testGetAllBookings_SearchEmailStatus3()" classname="apap.ti._5.accommodation_2306214510_be.restcontroller.BookingRestControllerComprehensiveTest" time="0.001"/>
  <testcase name="testGetAllBookings_SearchEmailStatus4()" classname="apap.ti._5.accommodation_2306214510_be.restcontroller.BookingRestControllerComprehensiveTest" time="0.001"/>
  <testcase name="testGetAllBookings_TenBookings()" classname="apap.ti._5.accommodation_2306214510_be.restcontroller.BookingRestControllerComprehensiveTest" time="0.001"/>
  <testcase name="testGetBookingById_LongId()" classname="apap.ti._5.accommodation_2306214510_be.restcontroller.BookingRestControllerComprehensiveTest" time="0.001"/>
  <testcase name="testGetAllBookings_SingleBooking()" classname="apap.ti._5.accommodation_2306214510_be.restcontroller.BookingRestControllerComprehensiveTest" time="0.001"/>
  <testcase name="testGetAllBookings_SearchLongTerm()" classname="apap.ti._5.accommodation_2306214510_be.restcontroller.BookingRestControllerComprehensiveTest" time="0.001"/>
  <testcase name="testGetAllBookings_HundredBookings()" classname="apap.ti._5.accommodation_2306214510_be.restcontroller.BookingRestControllerComprehensiveTest" time="0.002"/>
  <testcase name="testGetBookingById_BookingId1()" classname="apap.ti._5.accommodation_2306214510_be.restcontroller.BookingRestControllerComprehensiveTest" time="0.001"/>
  <testcase name="testGetBookingById_BookingId2()" classname="apap.ti._5.accommodation_2306214510_be.restcontroller.BookingRestControllerComprehensiveTest" time="0.001"/>
  <testcase name="testGetBookingById_BookingId3()" classname="apap.ti._5.accommodation_2306214510_be.restcontroller.BookingRestControllerComprehensiveTest" time="0.001"/>
  <testcase name="testGetAllBookings_SearchWithSpaces()" classname="apap.ti._5.accommodation_2306214510_be.restcontroller.BookingRestControllerComprehensiveTest" time="0.001"/>
  <testcase name="testGetAllBookings_FiftyBookings()" classname="apap.ti._5.accommodation_2306214510_be.restcontroller.BookingRestControllerComprehensiveTest" time="0.001"/>
  <testcase name="testGetAllBookings_EmptyList()" classname="apap.ti._5.accommodation_2306214510_be.restcontroller.BookingRestControllerComprehensiveTest" time="0.001"/>
  <testcase name="testGetAllBookings_SearchNumbers()" classname="apap.ti._5.accommodation_2306214510_be.restcontroller.BookingRestControllerComprehensiveTest" time="0.001"/>
  <testcase name="testGetAllBookings_StatusWithEmptyResults()" classname="apap.ti._5.accommodation_2306214510_be.restcontroller.BookingRestControllerComprehensiveTest" time="0.002"/>
  <testcase name="testGetBookingById_EmptyString()" classname="apap.ti._5.accommodation_2306214510_be.restcontroller.BookingRestControllerComprehensiveTest" time="0.001"/>
  <testcase name="testGetBookingById_NotFound1()" classname="apap.ti._5.accommodation_2306214510_be.restcontroller.BookingRestControllerComprehensiveTest" time="0.001"/>
  <testcase name="testGetBookingById_NotFound2()" classname="apap.ti._5.accommodation_2306214510_be.restcontroller.BookingRestControllerComprehensiveTest" time="0.001"/>
  <testcase name="testGetBookingById_NotFound3()" classname="apap.ti._5.accommodation_2306214510_be.restcontroller.BookingRestControllerComprehensiveTest" time="0.001"/>
  <testcase name="testGetAllBookings_Status0()" classname="apap.ti._5.accommodation_2306214510_be.restcontroller.BookingRestControllerComprehensiveTest" time="0.001"/>
  <testcase name="testGetAllBookings_Status1()" classname="apap.ti._5.accommodation_2306214510_be.restcontroller.BookingRestControllerComprehensiveTest" time="0.001"/>
  <testcase name="testGetAllBookings_Status2()" classname="apap.ti._5.accommodation_2306214510_be.restcontroller.BookingRestControllerComprehensiveTest" time="0.001"/>
  <testcase name="testGetAllBookings_Status3()" classname="apap.ti._5.accommodation_2306214510_be.restcontroller.BookingRestControllerComprehensiveTest" time="0.001"/>
  <testcase name="testGetAllBookings_Status4()" classname="apap.ti._5.accommodation_2306214510_be.restcontroller.BookingRestControllerComprehensiveTest" time="0.0"/>
  <system-out><![CDATA[Hibernate: select ab1_0.booking_id,ab1_0.capacity,ab1_0.check_in_date,ab1_0.check_out_date,ab1_0.created_date,ab1_0.customer_email,ab1_0.customer_id,ab1_0.customer_name,ab1_0.customer_phone,ab1_0.extra_pay,ab1_0.is_breakfast,ab1_0.refund,ab1_0.room_id,ab1_0.status,ab1_0.total_days,ab1_0.total_price,ab1_0.updated_date from accommodation_booking ab1_0 order by ab1_0.booking_id
Hibernate: select r1_0.room_id,r1_0.active_room,r1_0.availability_status,r1_0.created_date,r1_0.maintenance_end,r1_0.maintenance_start,r1_0.name,r1_0.room_type_id,rt1_0.room_type_id,rt1_0.capacity,rt1_0.created_date,rt1_0.description,rt1_0.facility,rt1_0.floor,rt1_0.name,rt1_0.price,rt1_0.property_id,p1_0.property_id,p1_0.active_status,p1_0.address,p1_0.created_date,p1_0.description,p1_0.income,p1_0.owner_id,p1_0.owner_name,p1_0.property_name,p1_0.province,p1_0.total_room,p1_0.type,p1_0.updated_date,rt1_0.updated_date,r1_0.updated_date from room r1_0 join room_type rt1_0 on rt1_0.room_type_id=r1_0.room_type_id join property p1_0 on p1_0.property_id=rt1_0.property_id where r1_0.room_id=?
Hibernate: select r1_0.room_id,r1_0.active_room,r1_0.availability_status,r1_0.created_date,r1_0.maintenance_end,r1_0.maintenance_start,r1_0.name,r1_0.room_type_id,rt1_0.room_type_id,rt1_0.capacity,rt1_0.created_date,rt1_0.description,rt1_0.facility,rt1_0.floor,rt1_0.name,rt1_0.price,rt1_0.property_id,p1_0.property_id,p1_0.active_status,p1_0.address,p1_0.created_date,p1_0.description,p1_0.income,p1_0.owner_id,p1_0.owner_name,p1_0.property_name,p1_0.province,p1_0.total_room,p1_0.type,p1_0.updated_date,rt1_0.updated_date,r1_0.updated_date from room r1_0 join room_type rt1_0 on rt1_0.room_type_id=r1_0.room_type_id join property p1_0 on p1_0.property_id=rt1_0.property_id where r1_0.room_id=?
Hibernate: select r1_0.room_id,r1_0.active_room,r1_0.availability_status,r1_0.created_date,r1_0.maintenance_end,r1_0.maintenance_start,r1_0.name,r1_0.room_type_id,rt1_0.room_type_id,rt1_0.capacity,rt1_0.created_date,rt1_0.description,rt1_0.facility,rt1_0.floor,rt1_0.name,rt1_0.price,rt1_0.property_id,p1_0.property_id,p1_0.active_status,p1_0.address,p1_0.created_date,p1_0.description,p1_0.income,p1_0.owner_id,p1_0.owner_name,p1_0.property_name,p1_0.province,p1_0.total_room,p1_0.type,p1_0.updated_date,rt1_0.updated_date,r1_0.updated_date from room r1_0 join room_type rt1_0 on rt1_0.room_type_id=r1_0.room_type_id join property p1_0 on p1_0.property_id=rt1_0.property_id where r1_0.room_id=?
Hibernate: select r1_0.room_id,r1_0.active_room,r1_0.availability_status,r1_0.created_date,r1_0.maintenance_end,r1_0.maintenance_start,r1_0.name,r1_0.room_type_id,rt1_0.room_type_id,rt1_0.capacity,rt1_0.created_date,rt1_0.description,rt1_0.facility,rt1_0.floor,rt1_0.name,rt1_0.price,rt1_0.property_id,p1_0.property_id,p1_0.active_status,p1_0.address,p1_0.created_date,p1_0.description,p1_0.income,p1_0.owner_id,p1_0.owner_name,p1_0.property_name,p1_0.province,p1_0.total_room,p1_0.type,p1_0.updated_date,rt1_0.updated_date,r1_0.updated_date from room r1_0 join room_type rt1_0 on rt1_0.room_type_id=r1_0.room_type_id join property p1_0 on p1_0.property_id=rt1_0.property_id where r1_0.room_id=?
Hibernate: select r1_0.room_id,r1_0.active_room,r1_0.availability_status,r1_0.created_date,r1_0.maintenance_end,r1_0.maintenance_start,r1_0.name,r1_0.room_type_id,rt1_0.room_type_id,rt1_0.capacity,rt1_0.created_date,rt1_0.description,rt1_0.facility,rt1_0.floor,rt1_0.name,rt1_0.price,rt1_0.property_id,p1_0.property_id,p1_0.active_status,p1_0.address,p1_0.created_date,p1_0.description,p1_0.income,p1_0.owner_id,p1_0.owner_name,p1_0.property_name,p1_0.province,p1_0.total_room,p1_0.type,p1_0.updated_date,rt1_0.updated_date,r1_0.updated_date from room r1_0 join room_type rt1_0 on rt1_0.room_type_id=r1_0.room_type_id join property p1_0 on p1_0.property_id=rt1_0.property_id where r1_0.room_id=?
Hibernate: select r1_0.room_id,r1_0.active_room,r1_0.availability_status,r1_0.created_date,r1_0.maintenance_end,r1_0.maintenance_start,r1_0.name,r1_0.room_type_id,rt1_0.room_type_id,rt1_0.capacity,rt1_0.created_date,rt1_0.description,rt1_0.facility,rt1_0.floor,rt1_0.name,rt1_0.price,rt1_0.property_id,p1_0.property_id,p1_0.active_status,p1_0.address,p1_0.created_date,p1_0.description,p1_0.income,p1_0.owner_id,p1_0.owner_name,p1_0.property_name,p1_0.province,p1_0.total_room,p1_0.type,p1_0.updated_date,rt1_0.updated_date,r1_0.updated_date from room r1_0 join room_type rt1_0 on rt1_0.room_type_id=r1_0.room_type_id join property p1_0 on p1_0.property_id=rt1_0.property_id where r1_0.room_id=?
Hibernate: select r1_0.room_id,r1_0.active_room,r1_0.availability_status,r1_0.created_date,r1_0.maintenance_end,r1_0.maintenance_start,r1_0.name,r1_0.room_type_id,rt1_0.room_type_id,rt1_0.capacity,rt1_0.created_date,rt1_0.description,rt1_0.facility,rt1_0.floor,rt1_0.name,rt1_0.price,rt1_0.property_id,p1_0.property_id,p1_0.active_status,p1_0.address,p1_0.created_date,p1_0.description,p1_0.income,p1_0.owner_id,p1_0.owner_name,p1_0.property_name,p1_0.province,p1_0.total_room,p1_0.type,p1_0.updated_date,rt1_0.updated_date,r1_0.updated_date from room r1_0 join room_type rt1_0 on rt1_0.room_type_id=r1_0.room_type_id join property p1_0 on p1_0.property_id=rt1_0.property_id where r1_0.room_id=?
Hibernate: select r1_0.room_id,r1_0.active_room,r1_0.availability_status,r1_0.created_date,r1_0.maintenance_end,r1_0.maintenance_start,r1_0.name,r1_0.room_type_id,rt1_0.room_type_id,rt1_0.capacity,rt1_0.created_date,rt1_0.description,rt1_0.facility,rt1_0.floor,rt1_0.name,rt1_0.price,rt1_0.property_id,p1_0.property_id,p1_0.active_status,p1_0.address,p1_0.created_date,p1_0.description,p1_0.income,p1_0.owner_id,p1_0.owner_name,p1_0.property_name,p1_0.province,p1_0.total_room,p1_0.type,p1_0.updated_date,rt1_0.updated_date,r1_0.updated_date from room r1_0 join room_type rt1_0 on rt1_0.room_type_id=r1_0.room_type_id join property p1_0 on p1_0.property_id=rt1_0.property_id where r1_0.room_id=?
Hibernate: select r1_0.room_id,r1_0.active_room,r1_0.availability_status,r1_0.created_date,r1_0.maintenance_end,r1_0.maintenance_start,r1_0.name,r1_0.room_type_id,rt1_0.room_type_id,rt1_0.capacity,rt1_0.created_date,rt1_0.description,rt1_0.facility,rt1_0.floor,rt1_0.name,rt1_0.price,rt1_0.property_id,p1_0.property_id,p1_0.active_status,p1_0.address,p1_0.created_date,p1_0.description,p1_0.income,p1_0.owner_id,p1_0.owner_name,p1_0.property_name,p1_0.province,p1_0.total_room,p1_0.type,p1_0.updated_date,rt1_0.updated_date,r1_0.updated_date from room r1_0 join room_type rt1_0 on rt1_0.room_type_id=r1_0.room_type_id join property p1_0 on p1_0.property_id=rt1_0.property_id where r1_0.room_id=?
Hibernate: select r1_0.room_id,r1_0.active_room,r1_0.availability_status,r1_0.created_date,r1_0.maintenance_end,r1_0.maintenance_start,r1_0.name,r1_0.room_type_id,rt1_0.room_type_id,rt1_0.capacity,rt1_0.created_date,rt1_0.description,rt1_0.facility,rt1_0.floor,rt1_0.name,rt1_0.price,rt1_0.property_id,p1_0.property_id,p1_0.active_status,p1_0.address,p1_0.created_date,p1_0.description,p1_0.income,p1_0.owner_id,p1_0.owner_name,p1_0.property_name,p1_0.province,p1_0.total_room,p1_0.type,p1_0.updated_date,rt1_0.updated_date,r1_0.updated_date from room r1_0 join room_type rt1_0 on rt1_0.room_type_id=r1_0.room_type_id join property p1_0 on p1_0.property_id=rt1_0.property_id where r1_0.room_id=?
Hibernate: select lrt1_0.property_id,lrt1_0.room_type_id,lrt1_0.capacity,lrt1_0.created_date,lrt1_0.description,lrt1_0.facility,lrt1_0.floor,lrt1_0.name,lrt1_0.price,lrt1_0.updated_date from room_type lrt1_0 where lrt1_0.property_id=?
Hibernate: select lrt1_0.property_id,lrt1_0.room_type_id,lrt1_0.capacity,lrt1_0.created_date,lrt1_0.description,lrt1_0.facility,lrt1_0.floor,lrt1_0.name,lrt1_0.price,lrt1_0.updated_date from room_type lrt1_0 where lrt1_0.property_id=?
Hibernate: select lrt1_0.property_id,lrt1_0.room_type_id,lrt1_0.capacity,lrt1_0.created_date,lrt1_0.description,lrt1_0.facility,lrt1_0.floor,lrt1_0.name,lrt1_0.price,lrt1_0.updated_date from room_type lrt1_0 where lrt1_0.property_id=?
Hibernate: select lrt1_0.property_id,lrt1_0.room_type_id,lrt1_0.capacity,lrt1_0.created_date,lrt1_0.description,lrt1_0.facility,lrt1_0.floor,lrt1_0.name,lrt1_0.price,lrt1_0.updated_date from room_type lrt1_0 where lrt1_0.property_id=?
]]></system-out>
  <system-err><![CDATA[]]></system-err>
</testsuite>
