<?xml version="1.0" encoding="UTF-8"?>
<testsuite name="apap.ti._5.accommodation_2306214510_be.service.AccommodationBookingServiceAdditionalTest" tests="16" skipped="0" failures="0" errors="0" timestamp="2025-11-08T14:04:28.325Z" hostname="Zacs-MacBook-Air.local" time="1.135">
  <properties/>
  <testcase name="testGetDoneBookingsByMonth_WithBookings()" classname="apap.ti._5.accommodation_2306214510_be.service.AccommodationBookingServiceAdditionalTest" time="1.055"/>
  <testcase name="testHandlePriceIncrease_LargeIncrease()" classname="apap.ti._5.accommodation_2306214510_be.service.AccommodationBookingServiceAdditionalTest" time="0.003"/>
  <testcase name="testGetBookingStatistics_NoProperties()" classname="apap.ti._5.accommodation_2306214510_be.service.AccommodationBookingServiceAdditionalTest" time="0.004"/>
  <testcase name="testHandlePriceDecrease_LargeDecrease()" classname="apap.ti._5.accommodation_2306214510_be.service.AccommodationBookingServiceAdditionalTest" time="0.001"/>
  <testcase name="testHandlePriceDecrease()" classname="apap.ti._5.accommodation_2306214510_be.service.AccommodationBookingServiceAdditionalTest" time="0.001"/>
  <testcase name="testGetDoneBookingsByMonth_NoProperties()" classname="apap.ti._5.accommodation_2306214510_be.service.AccommodationBookingServiceAdditionalTest" time="0.003"/>
  <testcase name="testProcessCheckInUpdates_WithBookingsToCancel()" classname="apap.ti._5.accommodation_2306214510_be.service.AccommodationBookingServiceAdditionalTest" time="0.021"/>
  <testcase name="testProcessCheckInUpdates_WithBookingsToMarkDone()" classname="apap.ti._5.accommodation_2306214510_be.service.AccommodationBookingServiceAdditionalTest" time="0.002"/>
  <testcase name="testGetBookingStatistics_MultipleProperties()" classname="apap.ti._5.accommodation_2306214510_be.service.AccommodationBookingServiceAdditionalTest" time="0.004"/>
  <testcase name="testGetBookingStatistics_WithData()" classname="apap.ti._5.accommodation_2306214510_be.service.AccommodationBookingServiceAdditionalTest" time="0.004"/>
  <testcase name="testGenerateBookingId_DifferentRoomIds()" classname="apap.ti._5.accommodation_2306214510_be.service.AccommodationBookingServiceAdditionalTest" time="0.02"/>
  <testcase name="testGenerateBookingId_December()" classname="apap.ti._5.accommodation_2306214510_be.service.AccommodationBookingServiceAdditionalTest" time="0.002"/>
  <testcase name="testGenerateBookingId_StandardFormat()" classname="apap.ti._5.accommodation_2306214510_be.service.AccommodationBookingServiceAdditionalTest" time="0.001"/>
  <testcase name="testGetDoneBookingsByMonth_MultipleProperties()" classname="apap.ti._5.accommodation_2306214510_be.service.AccommodationBookingServiceAdditionalTest" time="0.003"/>
  <testcase name="testHandlePriceIncrease()" classname="apap.ti._5.accommodation_2306214510_be.service.AccommodationBookingServiceAdditionalTest" time="0.001"/>
  <testcase name="testProcessCheckInUpdates_NoBookings()" classname="apap.ti._5.accommodation_2306214510_be.service.AccommodationBookingServiceAdditionalTest" time="0.001"/>
  <system-out><![CDATA[]]></system-out>
  <system-err><![CDATA[Mockito is currently self-attaching to enable the inline-mock-maker. This will no longer work in future releases of the JDK. Please add Mockito as an agent to your build as described in Mockito's documentation: https://javadoc.io/doc/org.mockito/mockito-core/latest/org.mockito/org/mockito/Mockito.html#0.3
WARNING: A Java agent has been loaded dynamically (/Users/macbookair/.gradle/caches/modules-2/files-2.1/net.bytebuddy/byte-buddy-agent/1.17.8/f09415827a71be7ed621c7bd02550678f28bc81c/byte-buddy-agent-1.17.8.jar)
WARNING: If a serviceability tool is in use, please run with -XX:+EnableDynamicAgentLoading to hide this warning
WARNING: If a serviceability tool is not in use, please run with -Djdk.instrument.traceUsage for more information
WARNING: Dynamic loading of agents will be disallowed by default in a future release
]]></system-err>
</testsuite>
