<?xml version="1.0" encoding="UTF-8"?>
<testsuite name="apap.ti._5.accommodation_2306214510_be.restcontroller.RoomRestControllerPostPutTest" tests="17" skipped="0" failures="0" errors="0" timestamp="2025-11-08T14:04:35.995Z" hostname="Zacs-MacBook-Air.local" time="0.026">
  <properties/>
  <testcase name="testScheduleRoomMaintenance_FutureDate()" classname="apap.ti._5.accommodation_2306214510_be.restcontroller.RoomRestControllerPostPutTest" time="0.001"/>
  <testcase name="testAddRoomType_PropertyNotFoundAfterUpdate()" classname="apap.ti._5.accommodation_2306214510_be.restcontroller.RoomRestControllerPostPutTest" time="0.001"/>
  <testcase name="testScheduleRoomMaintenance_DifferentDateRanges()" classname="apap.ti._5.accommodation_2306214510_be.restcontroller.RoomRestControllerPostPutTest" time="0.001"/>
  <testcase name="testAddRoomType_PropertyNotFound()" classname="apap.ti._5.accommodation_2306214510_be.restcontroller.RoomRestControllerPostPutTest" time="0.001"/>
  <testcase name="testAddRoomType_WithExistingRoomsOnFloor()" classname="apap.ti._5.accommodation_2306214510_be.restcontroller.RoomRestControllerPostPutTest" time="0.001"/>
  <testcase name="testAddRoomType_DifferentCapacities()" classname="apap.ti._5.accommodation_2306214510_be.restcontroller.RoomRestControllerPostPutTest" time="0.004"/>
  <testcase name="testScheduleRoomMaintenance_Exception()" classname="apap.ti._5.accommodation_2306214510_be.restcontroller.RoomRestControllerPostPutTest" time="0.001"/>
  <testcase name="testAddRoomType_DifferentRoomTypeNames()" classname="apap.ti._5.accommodation_2306214510_be.restcontroller.RoomRestControllerPostPutTest" time="0.004"/>
  <testcase name="testAddRoomType_Exception()" classname="apap.ti._5.accommodation_2306214510_be.restcontroller.RoomRestControllerPostPutTest" time="0.001"/>
  <testcase name="testScheduleRoomMaintenance_MultipleRooms()" classname="apap.ti._5.accommodation_2306214510_be.restcontroller.RoomRestControllerPostPutTest" time="0.001"/>
  <testcase name="testAddRoomType_WithMultipleUnits()" classname="apap.ti._5.accommodation_2306214510_be.restcontroller.RoomRestControllerPostPutTest" time="0.001"/>
  <testcase name="testScheduleRoomMaintenance_RoomNotFound()" classname="apap.ti._5.accommodation_2306214510_be.restcontroller.RoomRestControllerPostPutTest" time="0.001"/>
  <testcase name="testAddRoomType_DuplicateRoomType()" classname="apap.ti._5.accommodation_2306214510_be.restcontroller.RoomRestControllerPostPutTest" time="0.001"/>
  <testcase name="testAddRoomType_Success()" classname="apap.ti._5.accommodation_2306214510_be.restcontroller.RoomRestControllerPostPutTest" time="0.001"/>
  <testcase name="testAddRoomType_DifferentFloors()" classname="apap.ti._5.accommodation_2306214510_be.restcontroller.RoomRestControllerPostPutTest" time="0.002"/>
  <testcase name="testScheduleRoomMaintenance_Success()" classname="apap.ti._5.accommodation_2306214510_be.restcontroller.RoomRestControllerPostPutTest" time="0.0"/>
  <testcase name="testAddRoomType_DifferentPrices()" classname="apap.ti._5.accommodation_2306214510_be.restcontroller.RoomRestControllerPostPutTest" time="0.003"/>
  <system-out><![CDATA[]]></system-out>
  <system-err><![CDATA[]]></system-err>
</testsuite>
