<?xml version="1.0" encoding="UTF-8"?>
<testsuite name="apap.ti._5.accommodation_2306214510_be.service.RoomServiceImplTest" tests="15" skipped="0" failures="0" errors="0" timestamp="2025-11-08T14:04:36.128Z" hostname="Zacs-MacBook-Air.local" time="0.007">
  <properties/>
  <testcase name="testIsRoomAvailable_NotAvailable()" classname="apap.ti._5.accommodation_2306214510_be.service.RoomServiceImplTest" time="0.001"/>
  <testcase name="testGetRoomsByPropertyId()" classname="apap.ti._5.accommodation_2306214510_be.service.RoomServiceImplTest" time="0.0"/>
  <testcase name="testGetAllRooms()" classname="apap.ti._5.accommodation_2306214510_be.service.RoomServiceImplTest" time="0.0"/>
  <testcase name="testCountRoomsByPropertyAndFloor()" classname="apap.ti._5.accommodation_2306214510_be.service.RoomServiceImplTest" time="0.0"/>
  <testcase name="testUpdateRoom()" classname="apap.ti._5.accommodation_2306214510_be.service.RoomServiceImplTest" time="0.0"/>
  <testcase name="testCreateMultipleRooms()" classname="apap.ti._5.accommodation_2306214510_be.service.RoomServiceImplTest" time="0.001"/>
  <testcase name="testGetAvailableRooms()" classname="apap.ti._5.accommodation_2306214510_be.service.RoomServiceImplTest" time="0.0"/>
  <testcase name="testIsRoomAvailable_Available()" classname="apap.ti._5.accommodation_2306214510_be.service.RoomServiceImplTest" time="0.001"/>
  <testcase name="testGetRoomsByRoomType()" classname="apap.ti._5.accommodation_2306214510_be.service.RoomServiceImplTest" time="0.0"/>
  <testcase name="testCreateRoom()" classname="apap.ti._5.accommodation_2306214510_be.service.RoomServiceImplTest" time="0.001"/>
  <testcase name="testGenerateRoomId_WithDifferentFloors()" classname="apap.ti._5.accommodation_2306214510_be.service.RoomServiceImplTest" time="0.0"/>
  <testcase name="testGenerateRoomId()" classname="apap.ti._5.accommodation_2306214510_be.service.RoomServiceImplTest" time="0.0"/>
  <testcase name="testScheduleMaintenance()" classname="apap.ti._5.accommodation_2306214510_be.service.RoomServiceImplTest" time="0.001"/>
  <testcase name="testGetRoomById_NotFound()" classname="apap.ti._5.accommodation_2306214510_be.service.RoomServiceImplTest" time="0.0"/>
  <testcase name="testGetRoomById()" classname="apap.ti._5.accommodation_2306214510_be.service.RoomServiceImplTest" time="0.001"/>
  <system-out><![CDATA[2025-11-08T21:04:36.129+07:00  WARN 46414 --- [accommodation-2306214510-be] [    Test worker] a.t._.a.service.RoomServiceImpl          : Room not found: HOT-1234-001-101
]]></system-out>
  <system-err><![CDATA[]]></system-err>
</testsuite>
