<?xml version="1.0" encoding="UTF-8"?>
<testsuite name="apap.ti._5.accommodation_2306214510_be.service.BookingEdgeCasesTest" tests="29" skipped="0" failures="0" errors="0" timestamp="2025-11-08T14:04:36.073Z" hostname="Zacs-MacBook-Air.local" time="0.015">
  <properties/>
  <testcase name="testRefundBooking_Success()" classname="apap.ti._5.accommodation_2306214510_be.service.BookingEdgeCasesTest" time="0.0"/>
  <testcase name="testCalculateTotalDays_MonthStay()" classname="apap.ti._5.accommodation_2306214510_be.service.BookingEdgeCasesTest" time="0.001"/>
  <testcase name="testCanCancelBooking_DoneStatus()" classname="apap.ti._5.accommodation_2306214510_be.service.BookingEdgeCasesTest" time="0.0"/>
  <testcase name="testCalculateTotalPrice_SevenNightsWithBreakfast()" classname="apap.ti._5.accommodation_2306214510_be.service.BookingEdgeCasesTest" time="0.001"/>
  <testcase name="testGetBookingsByStatus()" classname="apap.ti._5.accommodation_2306214510_be.service.BookingEdgeCasesTest" time="0.0"/>
  <testcase name="testRefundBooking_NotFound()" classname="apap.ti._5.accommodation_2306214510_be.service.BookingEdgeCasesTest" time="0.001"/>
  <testcase name="testUpdateBookingStatus_Success()" classname="apap.ti._5.accommodation_2306214510_be.service.BookingEdgeCasesTest" time="0.001"/>
  <testcase name="testPayBooking_Success()" classname="apap.ti._5.accommodation_2306214510_be.service.BookingEdgeCasesTest" time="0.0"/>
  <testcase name="testCancelBooking_FromWaitingStatus()" classname="apap.ti._5.accommodation_2306214510_be.service.BookingEdgeCasesTest" time="0.0"/>
  <testcase name="testCancelBooking_FromConfirmedStatus()" classname="apap.ti._5.accommodation_2306214510_be.service.BookingEdgeCasesTest" time="0.001"/>
  <testcase name="testCalculateTotalDays_OneDayStay()" classname="apap.ti._5.accommodation_2306214510_be.service.BookingEdgeCasesTest" time="0.0"/>
  <testcase name="testGetBookingById_NotFound()" classname="apap.ti._5.accommodation_2306214510_be.service.BookingEdgeCasesTest" time="0.0"/>
  <testcase name="testCalculateTotalPrice_OneNightWithBreakfast()" classname="apap.ti._5.accommodation_2306214510_be.service.BookingEdgeCasesTest" time="0.001"/>
  <testcase name="testGenerateBookingId_DifferentPropertyTypes()" classname="apap.ti._5.accommodation_2306214510_be.service.BookingEdgeCasesTest" time="0.0"/>
  <testcase name="testCancelBooking_NotFound()" classname="apap.ti._5.accommodation_2306214510_be.service.BookingEdgeCasesTest" time="0.0"/>
  <testcase name="testGetBookingsByCustomer()" classname="apap.ti._5.accommodation_2306214510_be.service.BookingEdgeCasesTest" time="0.0"/>
  <testcase name="testCountAllBookings()" classname="apap.ti._5.accommodation_2306214510_be.service.BookingEdgeCasesTest" time="0.0"/>
  <testcase name="testPayBooking_BookingNotFound()" classname="apap.ti._5.accommodation_2306214510_be.service.BookingEdgeCasesTest" time="0.0"/>
  <testcase name="testGetBookingById_Found()" classname="apap.ti._5.accommodation_2306214510_be.service.BookingEdgeCasesTest" time="0.0"/>
  <testcase name="testGetAllBookings()" classname="apap.ti._5.accommodation_2306214510_be.service.BookingEdgeCasesTest" time="0.0"/>
  <testcase name="testCalculateTotalPrice_OneNightWithoutBreakfast()" classname="apap.ti._5.accommodation_2306214510_be.service.BookingEdgeCasesTest" time="0.0"/>
  <testcase name="testGenerateBookingId_StandardFormat()" classname="apap.ti._5.accommodation_2306214510_be.service.BookingEdgeCasesTest" time="0.001"/>
  <testcase name="testCalculateTotalDays_WeekStay()" classname="apap.ti._5.accommodation_2306214510_be.service.BookingEdgeCasesTest" time="0.0"/>
  <testcase name="testCanCancelBooking_CancelledStatus()" classname="apap.ti._5.accommodation_2306214510_be.service.BookingEdgeCasesTest" time="0.001"/>
  <testcase name="testCanCancelBooking_WaitingStatus()" classname="apap.ti._5.accommodation_2306214510_be.service.BookingEdgeCasesTest" time="0.0"/>
  <testcase name="testCanCancelBooking_ConfirmedStatus()" classname="apap.ti._5.accommodation_2306214510_be.service.BookingEdgeCasesTest" time="0.0"/>
  <testcase name="testUpdateBookingStatus_NotFound()" classname="apap.ti._5.accommodation_2306214510_be.service.BookingEdgeCasesTest" time="0.001"/>
  <testcase name="testCanCancelBooking_RefundedStatus()" classname="apap.ti._5.accommodation_2306214510_be.service.BookingEdgeCasesTest" time="0.0"/>
  <testcase name="testCalculateTotalPrice_SevenNightsWithoutBreakfast()" classname="apap.ti._5.accommodation_2306214510_be.service.BookingEdgeCasesTest" time="0.001"/>
  <system-out><![CDATA[]]></system-out>
  <system-err><![CDATA[]]></system-err>
</testsuite>
