<?xml version="1.0" encoding="UTF-8"?>
<testsuite name="apap.ti._5.accommodation_2306214510_be.schedule.BookingStatusSchedulerTest" tests="10" skipped="0" failures="0" errors="0" timestamp="2025-11-08T14:04:36.031Z" hostname="Zacs-MacBook-Air.local" time="0.02">
  <properties/>
  <testcase name="testUpdateBookingStatus_MultipleBookings()" classname="apap.ti._5.accommodation_2306214510_be.schedule.BookingStatusSchedulerTest" time="0.005"/>
  <testcase name="testUpdateBookingStatus_RefundToCancelled()" classname="apap.ti._5.accommodation_2306214510_be.schedule.BookingStatusSchedulerTest" time="0.001"/>
  <testcase name="testUpdateBookingStatus_ExactCheckInTime()" classname="apap.ti._5.accommodation_2306214510_be.schedule.BookingStatusSchedulerTest" time="0.001"/>
  <testcase name="testUpdateBookingStatus_EmptyList()" classname="apap.ti._5.accommodation_2306214510_be.schedule.BookingStatusSchedulerTest" time="0.0"/>
  <testcase name="testUpdateBookingStatus_ConfirmedToDone()" classname="apap.ti._5.accommodation_2306214510_be.schedule.BookingStatusSchedulerTest" time="0.001"/>
  <testcase name="testUpdateBookingStatus_FutureCheckIn()" classname="apap.ti._5.accommodation_2306214510_be.schedule.BookingStatusSchedulerTest" time="0.0"/>
  <testcase name="testUpdateBookingStatus_AlreadyDone()" classname="apap.ti._5.accommodation_2306214510_be.schedule.BookingStatusSchedulerTest" time="0.001"/>
  <testcase name="testUpdateBookingStatus_AlreadyCancelled()" classname="apap.ti._5.accommodation_2306214510_be.schedule.BookingStatusSchedulerTest" time="0.001"/>
  <testcase name="testUpdateBookingStatus_WaitingToCancelled()" classname="apap.ti._5.accommodation_2306214510_be.schedule.BookingStatusSchedulerTest" time="0.002"/>
  <testcase name="testUpdateBookingStatus_Exception()" classname="apap.ti._5.accommodation_2306214510_be.schedule.BookingStatusSchedulerTest" time="0.008"/>
  <system-out><![CDATA[2025-11-08T21:04:36.036+07:00  INFO 46414 --- [accommodation-2306214510-be] [    Test worker] a.t._.a.schedule.BookingStatusScheduler  : === Starting automatic booking status update ===
2025-11-08T21:04:36.037+07:00  INFO 46414 --- [accommodation-2306214510-be] [    Test worker] a.t._.a.schedule.BookingStatusScheduler  : Updated booking BOOK-001 - Auto-changed from Confirmed to Done (check-in date reached). New status: 4
2025-11-08T21:04:36.037+07:00  INFO 46414 --- [accommodation-2306214510-be] [    Test worker] a.t._.a.schedule.BookingStatusScheduler  : Updated booking BOOK-002 - Auto-cancelled from Waiting (check-in date reached without payment). New status: 2
2025-11-08T21:04:36.037+07:00  INFO 46414 --- [accommodation-2306214510-be] [    Test worker] a.t._.a.schedule.BookingStatusScheduler  : === Completed automatic booking status update. 2 bookings updated ===
2025-11-08T21:04:36.037+07:00  INFO 46414 --- [accommodation-2306214510-be] [    Test worker] a.t._.a.schedule.BookingStatusScheduler  : === Starting automatic booking status update ===
2025-11-08T21:04:36.038+07:00  INFO 46414 --- [accommodation-2306214510-be] [    Test worker] a.t._.a.schedule.BookingStatusScheduler  : Updated booking BOOK-003 - Auto-cancelled from Refund Request (check-in date reached). New status: 2
2025-11-08T21:04:36.038+07:00  INFO 46414 --- [accommodation-2306214510-be] [    Test worker] a.t._.a.schedule.BookingStatusScheduler  : === Completed automatic booking status update. 1 bookings updated ===
2025-11-08T21:04:36.038+07:00  INFO 46414 --- [accommodation-2306214510-be] [    Test worker] a.t._.a.schedule.BookingStatusScheduler  : === Starting automatic booking status update ===
2025-11-08T21:04:36.038+07:00  INFO 46414 --- [accommodation-2306214510-be] [    Test worker] a.t._.a.schedule.BookingStatusScheduler  : Updated booking BOOK-007 - Auto-changed from Confirmed to Done (check-in date reached). New status: 4
2025-11-08T21:04:36.038+07:00  INFO 46414 --- [accommodation-2306214510-be] [    Test worker] a.t._.a.schedule.BookingStatusScheduler  : === Completed automatic booking status update. 1 bookings updated ===
2025-11-08T21:04:36.039+07:00  INFO 46414 --- [accommodation-2306214510-be] [    Test worker] a.t._.a.schedule.BookingStatusScheduler  : === Starting automatic booking status update ===
2025-11-08T21:04:36.039+07:00  INFO 46414 --- [accommodation-2306214510-be] [    Test worker] a.t._.a.schedule.BookingStatusScheduler  : === Completed automatic booking status update. 0 bookings updated ===
2025-11-08T21:04:36.039+07:00  INFO 46414 --- [accommodation-2306214510-be] [    Test worker] a.t._.a.schedule.BookingStatusScheduler  : === Starting automatic booking status update ===
2025-11-08T21:04:36.039+07:00  INFO 46414 --- [accommodation-2306214510-be] [    Test worker] a.t._.a.schedule.BookingStatusScheduler  : Updated booking BOOK-001 - Auto-changed from Confirmed to Done (check-in date reached). New status: 4
2025-11-08T21:04:36.039+07:00  INFO 46414 --- [accommodation-2306214510-be] [    Test worker] a.t._.a.schedule.BookingStatusScheduler  : === Completed automatic booking status update. 1 bookings updated ===
2025-11-08T21:04:36.040+07:00  INFO 46414 --- [accommodation-2306214510-be] [    Test worker] a.t._.a.schedule.BookingStatusScheduler  : === Starting automatic booking status update ===
2025-11-08T21:04:36.040+07:00  INFO 46414 --- [accommodation-2306214510-be] [    Test worker] a.t._.a.schedule.BookingStatusScheduler  : === Completed automatic booking status update. 0 bookings updated ===
2025-11-08T21:04:36.041+07:00  INFO 46414 --- [accommodation-2306214510-be] [    Test worker] a.t._.a.schedule.BookingStatusScheduler  : === Starting automatic booking status update ===
2025-11-08T21:04:36.041+07:00  INFO 46414 --- [accommodation-2306214510-be] [    Test worker] a.t._.a.schedule.BookingStatusScheduler  : === Completed automatic booking status update. 0 bookings updated ===
2025-11-08T21:04:36.041+07:00  INFO 46414 --- [accommodation-2306214510-be] [    Test worker] a.t._.a.schedule.BookingStatusScheduler  : === Starting automatic booking status update ===
2025-11-08T21:04:36.041+07:00  INFO 46414 --- [accommodation-2306214510-be] [    Test worker] a.t._.a.schedule.BookingStatusScheduler  : === Completed automatic booking status update. 0 bookings updated ===
2025-11-08T21:04:36.044+07:00  INFO 46414 --- [accommodation-2306214510-be] [    Test worker] a.t._.a.schedule.BookingStatusScheduler  : === Starting automatic booking status update ===
2025-11-08T21:04:36.044+07:00  INFO 46414 --- [accommodation-2306214510-be] [    Test worker] a.t._.a.schedule.BookingStatusScheduler  : Updated booking BOOK-002 - Auto-cancelled from Waiting (check-in date reached without payment). New status: 2
2025-11-08T21:04:36.044+07:00  INFO 46414 --- [accommodation-2306214510-be] [    Test worker] a.t._.a.schedule.BookingStatusScheduler  : === Completed automatic booking status update. 1 bookings updated ===
2025-11-08T21:04:36.044+07:00  INFO 46414 --- [accommodation-2306214510-be] [    Test worker] a.t._.a.schedule.BookingStatusScheduler  : === Starting automatic booking status update ===
2025-11-08T21:04:36.044+07:00 ERROR 46414 --- [accommodation-2306214510-be] [    Test worker] a.t._.a.schedule.BookingStatusScheduler  : Error during automatic booking status update

java.lang.RuntimeException: Database error
	at apap.ti._5.accommodation_2306214510_be.schedule.BookingStatusScheduler.updateBookingStatusAutomatically(BookingStatusScheduler.java:33) ~[main/:na]
	at apap.ti._5.accommodation_2306214510_be.schedule.BookingStatusSchedulerTest.testUpdateBookingStatus_Exception(BookingStatusSchedulerTest.java:164) ~[test/:na]
	at java.base/jdk.internal.reflect.DirectMethodHandleAccessor.invoke(DirectMethodHandleAccessor.java:103) ~[na:na]
	at java.base/java.lang.reflect.Method.invoke(Method.java:580) ~[na:na]
	at org.junit.platform.commons.util.ReflectionUtils.invokeMethod(ReflectionUtils.java:775) ~[junit-platform-commons-1.12.2.jar:1.12.2]
	at org.junit.platform.commons.support.ReflectionSupport.invokeMethod(ReflectionSupport.java:479) ~[junit-platform-commons-1.12.2.jar:1.12.2]
	at org.junit.jupiter.engine.execution.MethodInvocation.proceed(MethodInvocation.java:60) ~[junit-jupiter-engine-5.12.2.jar:5.12.2]
	at org.junit.jupiter.engine.execution.InvocationInterceptorChain$ValidatingInvocation.proceed(InvocationInterceptorChain.java:131) ~[junit-jupiter-engine-5.12.2.jar:5.12.2]
	at org.junit.jupiter.engine.extension.TimeoutExtension.intercept(TimeoutExtension.java:161) ~[junit-jupiter-engine-5.12.2.jar:5.12.2]
	at org.junit.jupiter.engine.extension.TimeoutExtension.interceptTestableMethod(TimeoutExtension.java:152) ~[junit-jupiter-engine-5.12.2.jar:5.12.2]
	at org.junit.jupiter.engine.extension.TimeoutExtension.interceptTestMethod(TimeoutExtension.java:91) ~[junit-jupiter-engine-5.12.2.jar:5.12.2]
	at org.junit.jupiter.engine.execution.InterceptingExecutableInvoker$ReflectiveInterceptorCall.lambda$ofVoidMethod$0(InterceptingExecutableInvoker.java:112) ~[junit-jupiter-engine-5.12.2.jar:5.12.2]
	at org.junit.jupiter.engine.execution.InterceptingExecutableInvoker.lambda$invoke$0(InterceptingExecutableInvoker.java:94) ~[junit-jupiter-engine-5.12.2.jar:5.12.2]
	at org.junit.jupiter.engine.execution.InvocationInterceptorChain$InterceptedInvocation.proceed(InvocationInterceptorChain.java:106) ~[junit-jupiter-engine-5.12.2.jar:5.12.2]
	at org.junit.jupiter.engine.execution.InvocationInterceptorChain.proceed(InvocationInterceptorChain.java:64) ~[junit-jupiter-engine-5.12.2.jar:5.12.2]
	at org.junit.jupiter.engine.execution.InvocationInterceptorChain.chainAndInvoke(InvocationInterceptorChain.java:45) ~[junit-jupiter-engine-5.12.2.jar:5.12.2]
	at org.junit.jupiter.engine.execution.InvocationInterceptorChain.invoke(InvocationInterceptorChain.java:37) ~[junit-jupiter-engine-5.12.2.jar:5.12.2]
	at org.junit.jupiter.engine.execution.InterceptingExecutableInvoker.invoke(InterceptingExecutableInvoker.java:93) ~[junit-jupiter-engine-5.12.2.jar:5.12.2]
	at org.junit.jupiter.engine.execution.InterceptingExecutableInvoker.invoke(InterceptingExecutableInvoker.java:87) ~[junit-jupiter-engine-5.12.2.jar:5.12.2]
	at org.junit.jupiter.engine.descriptor.TestMethodTestDescriptor.lambda$invokeTestMethod$7(TestMethodTestDescriptor.java:216) ~[junit-jupiter-engine-5.12.2.jar:5.12.2]
	at org.junit.platform.engine.support.hierarchical.ThrowableCollector.execute(ThrowableCollector.java:73) ~[junit-platform-engine-1.12.2.jar:1.12.2]
	at org.junit.jupiter.engine.descriptor.TestMethodTestDescriptor.invokeTestMethod(TestMethodTestDescriptor.java:212) ~[junit-jupiter-engine-5.12.2.jar:5.12.2]
	at org.junit.jupiter.engine.descriptor.TestMethodTestDescriptor.execute(TestMethodTestDescriptor.java:137) ~[junit-jupiter-engine-5.12.2.jar:5.12.2]
	at org.junit.jupiter.engine.descriptor.TestMethodTestDescriptor.execute(TestMethodTestDescriptor.java:69) ~[junit-jupiter-engine-5.12.2.jar:5.12.2]
	at org.junit.platform.engine.support.hierarchical.NodeTestTask.lambda$executeRecursively$6(NodeTestTask.java:156) ~[junit-platform-engine-1.12.2.jar:1.12.2]
	at org.junit.platform.engine.support.hierarchical.ThrowableCollector.execute(ThrowableCollector.java:73) ~[junit-platform-engine-1.12.2.jar:1.12.2]
	at org.junit.platform.engine.support.hierarchical.NodeTestTask.lambda$executeRecursively$8(NodeTestTask.java:146) ~[junit-platform-engine-1.12.2.jar:1.12.2]
	at org.junit.platform.engine.support.hierarchical.Node.around(Node.java:137) ~[junit-platform-engine-1.12.2.jar:1.12.2]
	at org.junit.platform.engine.support.hierarchical.NodeTestTask.lambda$executeRecursively$9(NodeTestTask.java:144) ~[junit-platform-engine-1.12.2.jar:1.12.2]
	at org.junit.platform.engine.support.hierarchical.ThrowableCollector.execute(ThrowableCollector.java:73) ~[junit-platform-engine-1.12.2.jar:1.12.2]
	at org.junit.platform.engine.support.hierarchical.NodeTestTask.executeRecursively(NodeTestTask.java:143) ~[junit-platform-engine-1.12.2.jar:1.12.2]
	at org.junit.platform.engine.support.hierarchical.NodeTestTask.execute(NodeTestTask.java:100) ~[junit-platform-engine-1.12.2.jar:1.12.2]
	at java.base/java.util.ArrayList.forEach(ArrayList.java:1596) ~[na:na]
	at org.junit.platform.engine.support.hierarchical.SameThreadHierarchicalTestExecutorService.invokeAll(SameThreadHierarchicalTestExecutorService.java:41) ~[junit-platform-engine-1.12.2.jar:1.12.2]
	at org.junit.platform.engine.support.hierarchical.NodeTestTask.lambda$executeRecursively$6(NodeTestTask.java:160) ~[junit-platform-engine-1.12.2.jar:1.12.2]
	at org.junit.platform.engine.support.hierarchical.ThrowableCollector.execute(ThrowableCollector.java:73) ~[junit-platform-engine-1.12.2.jar:1.12.2]
	at org.junit.platform.engine.support.hierarchical.NodeTestTask.lambda$executeRecursively$8(NodeTestTask.java:146) ~[junit-platform-engine-1.12.2.jar:1.12.2]
	at org.junit.platform.engine.support.hierarchical.Node.around(Node.java:137) ~[junit-platform-engine-1.12.2.jar:1.12.2]
	at org.junit.platform.engine.support.hierarchical.NodeTestTask.lambda$executeRecursively$9(NodeTestTask.java:144) ~[junit-platform-engine-1.12.2.jar:1.12.2]
	at org.junit.platform.engine.support.hierarchical.ThrowableCollector.execute(ThrowableCollector.java:73) ~[junit-platform-engine-1.12.2.jar:1.12.2]
	at org.junit.platform.engine.support.hierarchical.NodeTestTask.executeRecursively(NodeTestTask.java:143) ~[junit-platform-engine-1.12.2.jar:1.12.2]
	at org.junit.platform.engine.support.hierarchical.NodeTestTask.execute(NodeTestTask.java:100) ~[junit-platform-engine-1.12.2.jar:1.12.2]
	at java.base/java.util.ArrayList.forEach(ArrayList.java:1596) ~[na:na]
	at org.junit.platform.engine.support.hierarchical.SameThreadHierarchicalTestExecutorService.invokeAll(SameThreadHierarchicalTestExecutorService.java:41) ~[junit-platform-engine-1.12.2.jar:1.12.2]
	at org.junit.platform.engine.support.hierarchical.NodeTestTask.lambda$executeRecursively$6(NodeTestTask.java:160) ~[junit-platform-engine-1.12.2.jar:1.12.2]
	at org.junit.platform.engine.support.hierarchical.ThrowableCollector.execute(ThrowableCollector.java:73) ~[junit-platform-engine-1.12.2.jar:1.12.2]
	at org.junit.platform.engine.support.hierarchical.NodeTestTask.lambda$executeRecursively$8(NodeTestTask.java:146) ~[junit-platform-engine-1.12.2.jar:1.12.2]
	at org.junit.platform.engine.support.hierarchical.Node.around(Node.java:137) ~[junit-platform-engine-1.12.2.jar:1.12.2]
	at org.junit.platform.engine.support.hierarchical.NodeTestTask.lambda$executeRecursively$9(NodeTestTask.java:144) ~[junit-platform-engine-1.12.2.jar:1.12.2]
	at org.junit.platform.engine.support.hierarchical.ThrowableCollector.execute(ThrowableCollector.java:73) ~[junit-platform-engine-1.12.2.jar:1.12.2]
	at org.junit.platform.engine.support.hierarchical.NodeTestTask.executeRecursively(NodeTestTask.java:143) ~[junit-platform-engine-1.12.2.jar:1.12.2]
	at org.junit.platform.engine.support.hierarchical.NodeTestTask.execute(NodeTestTask.java:100) ~[junit-platform-engine-1.12.2.jar:1.12.2]
	at org.junit.platform.engine.support.hierarchical.SameThreadHierarchicalTestExecutorService.submit(SameThreadHierarchicalTestExecutorService.java:35) ~[junit-platform-engine-1.12.2.jar:1.12.2]
	at org.junit.platform.engine.support.hierarchical.HierarchicalTestExecutor.execute(HierarchicalTestExecutor.java:57) ~[junit-platform-engine-1.12.2.jar:1.12.2]
	at org.junit.platform.engine.support.hierarchical.HierarchicalTestEngine.execute(HierarchicalTestEngine.java:54) ~[junit-platform-engine-1.12.2.jar:1.12.2]
	at org.junit.platform.launcher.core.EngineExecutionOrchestrator.execute(EngineExecutionOrchestrator.java:201) ~[junit-platform-launcher-1.12.2.jar:1.12.2]
	at org.junit.platform.launcher.core.EngineExecutionOrchestrator.execute(EngineExecutionOrchestrator.java:170) ~[junit-platform-launcher-1.12.2.jar:1.12.2]
	at org.junit.platform.launcher.core.EngineExecutionOrchestrator.execute(EngineExecutionOrchestrator.java:94) ~[junit-platform-launcher-1.12.2.jar:1.12.2]
	at org.junit.platform.launcher.core.EngineExecutionOrchestrator.lambda$execute$0(EngineExecutionOrchestrator.java:59) ~[junit-platform-launcher-1.12.2.jar:1.12.2]
	at org.junit.platform.launcher.core.EngineExecutionOrchestrator.withInterceptedStreams(EngineExecutionOrchestrator.java:142) ~[junit-platform-launcher-1.12.2.jar:1.12.2]
	at org.junit.platform.launcher.core.EngineExecutionOrchestrator.execute(EngineExecutionOrchestrator.java:58) ~[junit-platform-launcher-1.12.2.jar:1.12.2]
	at org.junit.platform.launcher.core.DefaultLauncher.execute(DefaultLauncher.java:103) ~[junit-platform-launcher-1.12.2.jar:1.12.2]
	at org.junit.platform.launcher.core.DefaultLauncher.execute(DefaultLauncher.java:85) ~[junit-platform-launcher-1.12.2.jar:1.12.2]
	at org.junit.platform.launcher.core.DelegatingLauncher.execute(DelegatingLauncher.java:47) ~[junit-platform-launcher-1.12.2.jar:1.12.2]
	at org.junit.platform.launcher.core.InterceptingLauncher.lambda$execute$1(InterceptingLauncher.java:39) ~[junit-platform-launcher-1.12.2.jar:1.12.2]
	at org.junit.platform.launcher.core.ClasspathAlignmentCheckingLauncherInterceptor.intercept(ClasspathAlignmentCheckingLauncherInterceptor.java:25) ~[junit-platform-launcher-1.12.2.jar:1.12.2]
	at org.junit.platform.launcher.core.InterceptingLauncher.execute(InterceptingLauncher.java:38) ~[junit-platform-launcher-1.12.2.jar:1.12.2]
	at org.junit.platform.launcher.core.DelegatingLauncher.execute(DelegatingLauncher.java:47) ~[junit-platform-launcher-1.12.2.jar:1.12.2]
	at org.gradle.api.internal.tasks.testing.junitplatform.JUnitPlatformTestClassProcessor$CollectAllTestClassesExecutor.processAllTestClasses(JUnitPlatformTestClassProcessor.java:124) ~[na:na]
	at org.gradle.api.internal.tasks.testing.junitplatform.JUnitPlatformTestClassProcessor$CollectAllTestClassesExecutor.access$000(JUnitPlatformTestClassProcessor.java:99) ~[na:na]
	at org.gradle.api.internal.tasks.testing.junitplatform.JUnitPlatformTestClassProcessor.stop(JUnitPlatformTestClassProcessor.java:94) ~[na:na]
	at org.gradle.api.internal.tasks.testing.SuiteTestClassProcessor.stop(SuiteTestClassProcessor.java:63) ~[na:na]
	at java.base/jdk.internal.reflect.DirectMethodHandleAccessor.invoke(DirectMethodHandleAccessor.java:103) ~[na:na]
	at java.base/java.lang.reflect.Method.invoke(Method.java:580) ~[na:na]
	at org.gradle.internal.dispatch.ReflectionDispatch.dispatch(ReflectionDispatch.java:36) ~[na:na]
	at org.gradle.internal.dispatch.ReflectionDispatch.dispatch(ReflectionDispatch.java:24) ~[na:na]
	at org.gradle.internal.dispatch.ContextClassLoaderDispatch.dispatch(ContextClassLoaderDispatch.java:33) ~[na:na]
	at org.gradle.internal.dispatch.ProxyDispatchAdapter$DispatchingInvocationHandler.invoke(ProxyDispatchAdapter.java:92) ~[na:na]
	at jdk.proxy2/jdk.proxy2.$Proxy6.stop(Unknown Source) ~[na:na]
	at org.gradle.api.internal.tasks.testing.worker.TestWorker$3.run(TestWorker.java:200) ~[na:na]
	at org.gradle.api.internal.tasks.testing.worker.TestWorker.executeAndMaintainThreadName(TestWorker.java:132) ~[na:na]
	at org.gradle.api.internal.tasks.testing.worker.TestWorker.execute(TestWorker.java:103) ~[na:na]
	at org.gradle.api.internal.tasks.testing.worker.TestWorker.execute(TestWorker.java:63) ~[na:na]
	at org.gradle.process.internal.worker.child.ActionExecutionWorker.execute(ActionExecutionWorker.java:56) ~[na:na]
	at org.gradle.process.internal.worker.child.SystemApplicationClassLoaderWorker.call(SystemApplicationClassLoaderWorker.java:122) ~[na:na]
	at org.gradle.process.internal.worker.child.SystemApplicationClassLoaderWorker.call(SystemApplicationClassLoaderWorker.java:72) ~[na:na]
	at worker.org.gradle.process.internal.worker.GradleWorkerMain.run(GradleWorkerMain.java:69) ~[gradle-worker.jar:na]
	at worker.org.gradle.process.internal.worker.GradleWorkerMain.main(GradleWorkerMain.java:74) ~[gradle-worker.jar:na]

]]></system-out>
  <system-err><![CDATA[]]></system-err>
</testsuite>
