<?xml version="1.0" encoding="UTF-8"?>
<testsuite name="apap.ti._5.accommodation_2306214510_be.restcontroller.RoomRestControllerGetTest" tests="12" skipped="0" failures="0" errors="0" timestamp="2025-11-08T14:04:35.978Z" hostname="Zacs-MacBook-Air.local" time="0.015">
  <properties/>
  <testcase name="testCheckRoomAvailability_Success()" classname="apap.ti._5.accommodation_2306214510_be.restcontroller.RoomRestControllerGetTest" time="0.004"/>
  <testcase name="testGetRoomsByPropertyId_PropertyNotFound()" classname="apap.ti._5.accommodation_2306214510_be.restcontroller.RoomRestControllerGetTest" time="0.001"/>
  <testcase name="testGetRoomsByPropertyId_Success()" classname="apap.ti._5.accommodation_2306214510_be.restcontroller.RoomRestControllerGetTest" time="0.001"/>
  <testcase name="testCheckRoomAvailability_PropertyNotFound()" classname="apap.ti._5.accommodation_2306214510_be.restcontroller.RoomRestControllerGetTest" time="0.001"/>
  <testcase name="testGetAllRooms_EmptyList()" classname="apap.ti._5.accommodation_2306214510_be.restcontroller.RoomRestControllerGetTest" time="0.001"/>
  <testcase name="testSyncTotalRooms_Success()" classname="apap.ti._5.accommodation_2306214510_be.restcontroller.RoomRestControllerGetTest" time="0.001"/>
  <testcase name="testCheckSingleRoomAvailability_RoomNotFound()" classname="apap.ti._5.accommodation_2306214510_be.restcontroller.RoomRestControllerGetTest" time="0.001"/>
  <testcase name="testCheckSingleRoomAvailability_Available()" classname="apap.ti._5.accommodation_2306214510_be.restcontroller.RoomRestControllerGetTest" time="0.001"/>
  <testcase name="testSyncTotalRooms_PropertyNotFound()" classname="apap.ti._5.accommodation_2306214510_be.restcontroller.RoomRestControllerGetTest" time="0.001"/>
  <testcase name="testGetAllRooms_Success()" classname="apap.ti._5.accommodation_2306214510_be.restcontroller.RoomRestControllerGetTest" time="0.0"/>
  <testcase name="testCheckSingleRoomAvailability_NotAvailable()" classname="apap.ti._5.accommodation_2306214510_be.restcontroller.RoomRestControllerGetTest" time="0.002"/>
  <testcase name="testGetAllRooms_PropertyNotFound()" classname="apap.ti._5.accommodation_2306214510_be.restcontroller.RoomRestControllerGetTest" time="0.0"/>
  <system-out><![CDATA[2025-11-08T21:04:35.982+07:00  INFO 46414 --- [accommodation-2306214510-be] [    Test worker] a.t._.a.r.RoomRestController             : === CHECK ROOM AVAILABILITY ===
2025-11-08T21:04:35.982+07:00  INFO 46414 --- [accommodation-2306214510-be] [    Test worker] a.t._.a.r.RoomRestController             : Property ID: PROP-2024-001
2025-11-08T21:04:35.983+07:00  INFO 46414 --- [accommodation-2306214510-be] [    Test worker] a.t._.a.r.RoomRestController             : Check-In: 2024-12-01T14:00
2025-11-08T21:04:35.983+07:00  INFO 46414 --- [accommodation-2306214510-be] [    Test worker] a.t._.a.r.RoomRestController             : Check-Out: 2024-12-05T12:00
2025-11-08T21:04:35.983+07:00  INFO 46414 --- [accommodation-2306214510-be] [    Test worker] a.t._.a.r.RoomRestController             : Found 1 room types
2025-11-08T21:04:35.983+07:00  INFO 46414 --- [accommodation-2306214510-be] [    Test worker] a.t._.a.r.RoomRestController             : RoomType: Deluxe Room - Total: 0 - Available: 0
2025-11-08T21:04:35.990+07:00  INFO 46414 --- [accommodation-2306214510-be] [    Test worker] a.t._.a.r.RoomRestController             : === CHECK SINGLE ROOM AVAILABILITY ===
2025-11-08T21:04:35.990+07:00  INFO 46414 --- [accommodation-2306214510-be] [    Test worker] a.t._.a.r.RoomRestController             : Room ID: ROOM-2024-001
2025-11-08T21:04:35.990+07:00  INFO 46414 --- [accommodation-2306214510-be] [    Test worker] a.t._.a.r.RoomRestController             : Check-In: 2024-12-01T14:00
2025-11-08T21:04:35.990+07:00  INFO 46414 --- [accommodation-2306214510-be] [    Test worker] a.t._.a.r.RoomRestController             : Check-Out: 2024-12-05T12:00
2025-11-08T21:04:35.990+07:00  INFO 46414 --- [accommodation-2306214510-be] [    Test worker] a.t._.a.r.RoomRestController             : Room ROOM-2024-001 is available: true
2025-11-08T21:04:35.993+07:00  INFO 46414 --- [accommodation-2306214510-be] [    Test worker] a.t._.a.r.RoomRestController             : === CHECK SINGLE ROOM AVAILABILITY ===
2025-11-08T21:04:35.993+07:00  INFO 46414 --- [accommodation-2306214510-be] [    Test worker] a.t._.a.r.RoomRestController             : Room ID: ROOM-2024-001
2025-11-08T21:04:35.993+07:00  INFO 46414 --- [accommodation-2306214510-be] [    Test worker] a.t._.a.r.RoomRestController             : Check-In: 2024-12-01T14:00
2025-11-08T21:04:35.993+07:00  INFO 46414 --- [accommodation-2306214510-be] [    Test worker] a.t._.a.r.RoomRestController             : Check-Out: 2024-12-05T12:00
2025-11-08T21:04:35.993+07:00  INFO 46414 --- [accommodation-2306214510-be] [    Test worker] a.t._.a.r.RoomRestController             : Room ROOM-2024-001 is available: false
]]></system-out>
  <system-err><![CDATA[]]></system-err>
</testsuite>
