<?xml version="1.0" encoding="UTF-8"?>
<testsuite name="apap.ti._5.accommodation_2306214510_be.restcontroller.StatisticsRestControllerTest" tests="15" skipped="0" failures="0" errors="0" timestamp="2025-11-08T14:04:36.022Z" hostname="Zacs-MacBook-Air.local" time="0.008">
  <properties/>
  <testcase name="testGetBookingsByStatus_Empty()" classname="apap.ti._5.accommodation_2306214510_be.restcontroller.StatisticsRestControllerTest" time="0.0"/>
  <testcase name="testGetStatisticsSummary_Empty()" classname="apap.ti._5.accommodation_2306214510_be.restcontroller.StatisticsRestControllerTest" time="0.001"/>
  <testcase name="testGetPropertiesByType_OnlyApartments()" classname="apap.ti._5.accommodation_2306214510_be.restcontroller.StatisticsRestControllerTest" time="0.001"/>
  <testcase name="testGetStatisticsSummary()" classname="apap.ti._5.accommodation_2306214510_be.restcontroller.StatisticsRestControllerTest" time="0.0"/>
  <testcase name="testGetTopPropertiesByIncome_Empty()" classname="apap.ti._5.accommodation_2306214510_be.restcontroller.StatisticsRestControllerTest" time="0.0"/>
  <testcase name="testGetPropertiesByProvince_Empty()" classname="apap.ti._5.accommodation_2306214510_be.restcontroller.StatisticsRestControllerTest" time="0.0"/>
  <testcase name="testGetPropertiesByProvince_SingleProvince()" classname="apap.ti._5.accommodation_2306214510_be.restcontroller.StatisticsRestControllerTest" time="0.0"/>
  <testcase name="testGetPropertiesByType_OnlyHotels()" classname="apap.ti._5.accommodation_2306214510_be.restcontroller.StatisticsRestControllerTest" time="0.001"/>
  <testcase name="testGetPropertiesByType_OnlyVillas()" classname="apap.ti._5.accommodation_2306214510_be.restcontroller.StatisticsRestControllerTest" time="0.0"/>
  <testcase name="testGetBookingsByStatus_WithData()" classname="apap.ti._5.accommodation_2306214510_be.restcontroller.StatisticsRestControllerTest" time="0.001"/>
  <testcase name="testGetPropertiesByType_MixedTypes()" classname="apap.ti._5.accommodation_2306214510_be.restcontroller.StatisticsRestControllerTest" time="0.0"/>
  <testcase name="testGetPropertiesByType_EmptyList()" classname="apap.ti._5.accommodation_2306214510_be.restcontroller.StatisticsRestControllerTest" time="0.001"/>
  <testcase name="testGetTopPropertiesByIncome_MoreThanFive()" classname="apap.ti._5.accommodation_2306214510_be.restcontroller.StatisticsRestControllerTest" time="0.0"/>
  <testcase name="testGetPropertiesByProvince_MultipleProvinces()" classname="apap.ti._5.accommodation_2306214510_be.restcontroller.StatisticsRestControllerTest" time="0.001"/>
  <testcase name="testGetTopPropertiesByIncome_LessThanFive()" classname="apap.ti._5.accommodation_2306214510_be.restcontroller.StatisticsRestControllerTest" time="0.0"/>
  <system-out><![CDATA[]]></system-out>
  <system-err><![CDATA[]]></system-err>
</testsuite>
