<?xml version="1.0" encoding="UTF-8"?>
<testsuite name="apap.ti._5.accommodation_2306214510_be.service.RoomTypeEdgeCasesTest" tests="29" skipped="0" failures="0" errors="0" timestamp="2025-11-08T14:04:36.135Z" hostname="Zacs-MacBook-Air.local" time="0.055">
  <properties/>
  <testcase name="testCheckDuplicatesInList_WithinListDuplicate()" classname="apap.ti._5.accommodation_2306214510_be.service.RoomTypeEdgeCasesTest" time="0.045"/>
  <testcase name="testGetRoomTypeById_Found()" classname="apap.ti._5.accommodation_2306214510_be.service.RoomTypeEdgeCasesTest" time="0.0"/>
  <testcase name="testGetAllRoomTypes_EmptyList()" classname="apap.ti._5.accommodation_2306214510_be.service.RoomTypeEdgeCasesTest" time="0.001"/>
  <testcase name="testGetRoomTypesByProperty_Found()" classname="apap.ti._5.accommodation_2306214510_be.service.RoomTypeEdgeCasesTest" time="0.0"/>
  <testcase name="testGenerateRoomTypeId_LargeNumber()" classname="apap.ti._5.accommodation_2306214510_be.service.RoomTypeEdgeCasesTest" time="0.001"/>
  <testcase name="testUpdateRoomType_Success()" classname="apap.ti._5.accommodation_2306214510_be.service.RoomTypeEdgeCasesTest" time="0.0"/>
  <testcase name="testGenerateRoomTypeId_TopFloor()" classname="apap.ti._5.accommodation_2306214510_be.service.RoomTypeEdgeCasesTest" time="0.0"/>
  <testcase name="testUpdateRoomType_ChangeCapacity()" classname="apap.ti._5.accommodation_2306214510_be.service.RoomTypeEdgeCasesTest" time="0.001"/>
  <testcase name="testGetRoomTypeById_NotFound()" classname="apap.ti._5.accommodation_2306214510_be.service.RoomTypeEdgeCasesTest" time="0.0"/>
  <testcase name="testCreateMultipleRoomTypes_SingleRoomType()" classname="apap.ti._5.accommodation_2306214510_be.service.RoomTypeEdgeCasesTest" time="0.0"/>
  <testcase name="testGenerateRoomTypeId_SmallNumber()" classname="apap.ti._5.accommodation_2306214510_be.service.RoomTypeEdgeCasesTest" time="0.001"/>
  <testcase name="testGenerateRoomTypeId_FirstFloor()" classname="apap.ti._5.accommodation_2306214510_be.service.RoomTypeEdgeCasesTest" time="0.0"/>
  <testcase name="testCheckDuplicatesInList_EmptyList()" classname="apap.ti._5.accommodation_2306214510_be.service.RoomTypeEdgeCasesTest" time="0.0"/>
  <testcase name="testIsDuplicateRoomType_DifferentFloorSameName()" classname="apap.ti._5.accommodation_2306214510_be.service.RoomTypeEdgeCasesTest" time="0.001"/>
  <testcase name="testCreateMultipleRoomTypes_EmptyList()" classname="apap.ti._5.accommodation_2306214510_be.service.RoomTypeEdgeCasesTest" time="0.0"/>
  <testcase name="testIsDuplicateRoomType_Exists()" classname="apap.ti._5.accommodation_2306214510_be.service.RoomTypeEdgeCasesTest" time="0.0"/>
  <testcase name="testGetRoomTypesByPropertyId_NotFound()" classname="apap.ti._5.accommodation_2306214510_be.service.RoomTypeEdgeCasesTest" time="0.0"/>
  <testcase name="testGetAllRoomTypes_MultipleRoomTypes()" classname="apap.ti._5.accommodation_2306214510_be.service.RoomTypeEdgeCasesTest" time="0.0"/>
  <testcase name="testCreateRoomType_WithAllFields()" classname="apap.ti._5.accommodation_2306214510_be.service.RoomTypeEdgeCasesTest" time="0.0"/>
  <testcase name="testGetRoomTypesByPropertyId_Found()" classname="apap.ti._5.accommodation_2306214510_be.service.RoomTypeEdgeCasesTest" time="0.0"/>
  <testcase name="testIsDuplicateRoomType_NotExists()" classname="apap.ti._5.accommodation_2306214510_be.service.RoomTypeEdgeCasesTest" time="0.0"/>
  <testcase name="testUpdateRoomType_ChangePricing()" classname="apap.ti._5.accommodation_2306214510_be.service.RoomTypeEdgeCasesTest" time="0.001"/>
  <testcase name="testCreateRoomType_Success()" classname="apap.ti._5.accommodation_2306214510_be.service.RoomTypeEdgeCasesTest" time="0.0"/>
  <testcase name="testCreateMultipleRoomTypes_TwoRoomTypes()" classname="apap.ti._5.accommodation_2306214510_be.service.RoomTypeEdgeCasesTest" time="0.0"/>
  <testcase name="testCheckDuplicatesInList_NoDuplicates()" classname="apap.ti._5.accommodation_2306214510_be.service.RoomTypeEdgeCasesTest" time="0.0"/>
  <testcase name="testGetRoomTypesByProperty_EmptyList()" classname="apap.ti._5.accommodation_2306214510_be.service.RoomTypeEdgeCasesTest" time="0.0"/>
  <testcase name="testGenerateRoomTypeId_MediumNumber()" classname="apap.ti._5.accommodation_2306214510_be.service.RoomTypeEdgeCasesTest" time="0.0"/>
  <testcase name="testCheckDuplicatesInList_SingleItem()" classname="apap.ti._5.accommodation_2306214510_be.service.RoomTypeEdgeCasesTest" time="0.0"/>
  <testcase name="testCheckDuplicatesInList_DatabaseDuplicate()" classname="apap.ti._5.accommodation_2306214510_be.service.RoomTypeEdgeCasesTest" time="0.0"/>
  <system-out><![CDATA[]]></system-out>
  <system-err><![CDATA[]]></system-err>
</testsuite>
