<?xml version="1.0" encoding="UTF-8"?>
<testsuite name="apap.ti._5.accommodation_2306214510_be.service.RoomServiceImplTest" tests="8" skipped="0" failures="0" errors="0" timestamp="2025-11-05T09:27:31.874Z" hostname="Zacs-MacBook-Air.local" time="0.058">
  <properties/>
  <testcase name="testIsRoomAvailable_NotAvailable()" classname="apap.ti._5.accommodation_2306214510_be.service.RoomServiceImplTest" time="0.047"/>
  <testcase name="testUpdateRoom()" classname="apap.ti._5.accommodation_2306214510_be.service.RoomServiceImplTest" time="0.001"/>
  <testcase name="testIsRoomAvailable_Available()" classname="apap.ti._5.accommodation_2306214510_be.service.RoomServiceImplTest" time="0.001"/>
  <testcase name="testCreateRoom()" classname="apap.ti._5.accommodation_2306214510_be.service.RoomServiceImplTest" time="0.002"/>
  <testcase name="testGenerateRoomId()" classname="apap.ti._5.accommodation_2306214510_be.service.RoomServiceImplTest" time="0.002"/>
  <testcase name="testScheduleMaintenance()" classname="apap.ti._5.accommodation_2306214510_be.service.RoomServiceImplTest" time="0.002"/>
  <testcase name="testGetRoomById_NotFound()" classname="apap.ti._5.accommodation_2306214510_be.service.RoomServiceImplTest" time="0.001"/>
  <testcase name="testGetRoomById()" classname="apap.ti._5.accommodation_2306214510_be.service.RoomServiceImplTest" time="0.001"/>
  <system-out><![CDATA[]]></system-out>
  <system-err><![CDATA[]]></system-err>
</testsuite>
