<?xml version="1.0" encoding="UTF-8"?>
<testsuite name="apap.ti._5.accommodation_2306214510_be.restcontroller.BookingRestControllerPostPutTest" tests="39" skipped="0" failures="0" errors="0" timestamp="2025-11-08T14:04:35.719Z" hostname="Zacs-MacBook-Air.local" time="0.05">
  <properties/>
  <testcase name="testUpdateBooking_Success_SamePrice()" classname="apap.ti._5.accommodation_2306214510_be.restcontroller.BookingRestControllerPostPutTest" time="0.002"/>
  <testcase name="testCompleteBooking_Success()" classname="apap.ti._5.accommodation_2306214510_be.restcontroller.BookingRestControllerPostPutTest" time="0.001"/>
  <testcase name="testCreateBooking_WithBreakfast()" classname="apap.ti._5.accommodation_2306214510_be.restcontroller.BookingRestControllerPostPutTest" time="0.003"/>
  <testcase name="testCompleteBooking_Exception()" classname="apap.ti._5.accommodation_2306214510_be.restcontroller.BookingRestControllerPostPutTest" time="0.002"/>
  <testcase name="testCreateBooking_Exception()" classname="apap.ti._5.accommodation_2306214510_be.restcontroller.BookingRestControllerPostPutTest" time="0.002"/>
  <testcase name="testProcessRefund_InvalidStatus()" classname="apap.ti._5.accommodation_2306214510_be.restcontroller.BookingRestControllerPostPutTest" time="0.0"/>
  <testcase name="testGetBookingChart_Exception()" classname="apap.ti._5.accommodation_2306214510_be.restcontroller.BookingRestControllerPostPutTest" time="0.001"/>
  <testcase name="testConfirmPayment_Success()" classname="apap.ti._5.accommodation_2306214510_be.restcontroller.BookingRestControllerPostPutTest" time="0.002"/>
  <testcase name="testUpdateBooking_Refund()" classname="apap.ti._5.accommodation_2306214510_be.restcontroller.BookingRestControllerPostPutTest" time="0.001"/>
  <testcase name="testUpdateBooking_Exception()" classname="apap.ti._5.accommodation_2306214510_be.restcontroller.BookingRestControllerPostPutTest" time="0.001"/>
  <testcase name="testCompleteBooking_InvalidStatus()" classname="apap.ti._5.accommodation_2306214510_be.restcontroller.BookingRestControllerPostPutTest" time="0.001"/>
  <testcase name="testCompleteBooking_NotFound()" classname="apap.ti._5.accommodation_2306214510_be.restcontroller.BookingRestControllerPostPutTest" time="0.001"/>
  <testcase name="testCountBookings()" classname="apap.ti._5.accommodation_2306214510_be.restcontroller.BookingRestControllerPostPutTest" time="0.0"/>
  <testcase name="testProcessRefund_Exception()" classname="apap.ti._5.accommodation_2306214510_be.restcontroller.BookingRestControllerPostPutTest" time="0.002"/>
  <testcase name="testProcessRefund_NotFound()" classname="apap.ti._5.accommodation_2306214510_be.restcontroller.BookingRestControllerPostPutTest" time="0.001"/>
  <testcase name="testGetBookingChart_NoIncome()" classname="apap.ti._5.accommodation_2306214510_be.restcontroller.BookingRestControllerPostPutTest" time="0.002"/>
  <testcase name="testConfirmPayment_InvalidStatus()" classname="apap.ti._5.accommodation_2306214510_be.restcontroller.BookingRestControllerPostPutTest" time="0.001"/>
  <testcase name="testCancelBooking_AlreadyDone()" classname="apap.ti._5.accommodation_2306214510_be.restcontroller.BookingRestControllerPostPutTest" time="0.0"/>
  <testcase name="testUpdateBooking_NotFound()" classname="apap.ti._5.accommodation_2306214510_be.restcontroller.BookingRestControllerPostPutTest" time="0.001"/>
  <testcase name="testConfirmPayment_NotFound()" classname="apap.ti._5.accommodation_2306214510_be.restcontroller.BookingRestControllerPostPutTest" time="0.001"/>
  <testcase name="testGetBookingChart_Success()" classname="apap.ti._5.accommodation_2306214510_be.restcontroller.BookingRestControllerPostPutTest" time="0.001"/>
  <testcase name="testCancelBooking_Success()" classname="apap.ti._5.accommodation_2306214510_be.restcontroller.BookingRestControllerPostPutTest" time="0.001"/>
  <testcase name="testUpdateBooking_InvalidStatus()" classname="apap.ti._5.accommodation_2306214510_be.restcontroller.BookingRestControllerPostPutTest" time="0.001"/>
  <testcase name="testCancelBooking_NotFound()" classname="apap.ti._5.accommodation_2306214510_be.restcontroller.BookingRestControllerPostPutTest" time="0.0"/>
  <testcase name="testCreateBooking_RoomNotAvailable()" classname="apap.ti._5.accommodation_2306214510_be.restcontroller.BookingRestControllerPostPutTest" time="0.001"/>
  <testcase name="testGetBookingChart_WithMonthYear()" classname="apap.ti._5.accommodation_2306214510_be.restcontroller.BookingRestControllerPostPutTest" time="0.001"/>
  <testcase name="testGetBookingChart_EmptyProperties()" classname="apap.ti._5.accommodation_2306214510_be.restcontroller.BookingRestControllerPostPutTest" time="0.001"/>
  <testcase name="testCreateBooking_InvalidDates()" classname="apap.ti._5.accommodation_2306214510_be.restcontroller.BookingRestControllerPostPutTest" time="0.001"/>
  <testcase name="testCancelBooking_AlreadyCancelled()" classname="apap.ti._5.accommodation_2306214510_be.restcontroller.BookingRestControllerPostPutTest" time="0.001"/>
  <testcase name="testCreateBooking_Success()" classname="apap.ti._5.accommodation_2306214510_be.restcontroller.BookingRestControllerPostPutTest" time="0.001"/>
  <testcase name="testCancelBooking_AlreadyRefunded()" classname="apap.ti._5.accommodation_2306214510_be.restcontroller.BookingRestControllerPostPutTest" time="0.0"/>
  <testcase name="testUpdateBooking_ExtraPayment()" classname="apap.ti._5.accommodation_2306214510_be.restcontroller.BookingRestControllerPostPutTest" time="0.001"/>
  <testcase name="testCancelBooking_Exception()" classname="apap.ti._5.accommodation_2306214510_be.restcontroller.BookingRestControllerPostPutTest" time="0.001"/>
  <testcase name="testProcessRefund_PositiveExtraPay()" classname="apap.ti._5.accommodation_2306214510_be.restcontroller.BookingRestControllerPostPutTest" time="0.0"/>
  <testcase name="testConfirmPayment_Exception()" classname="apap.ti._5.accommodation_2306214510_be.restcontroller.BookingRestControllerPostPutTest" time="0.001"/>
  <testcase name="testProcessRefund_Success()" classname="apap.ti._5.accommodation_2306214510_be.restcontroller.BookingRestControllerPostPutTest" time="0.002"/>
  <testcase name="testCreateBooking_RoomNotFound()" classname="apap.ti._5.accommodation_2306214510_be.restcontroller.BookingRestControllerPostPutTest" time="0.001"/>
  <testcase name="testUpdateBooking_RoomNotFound()" classname="apap.ti._5.accommodation_2306214510_be.restcontroller.BookingRestControllerPostPutTest" time="0.001"/>
  <testcase name="testProcessRefund_NoRefundAmount()" classname="apap.ti._5.accommodation_2306214510_be.restcontroller.BookingRestControllerPostPutTest" time="0.001"/>
  <system-out><![CDATA[2025-11-08T21:04:35.721+07:00  INFO 46414 --- [accommodation-2306214510-be] [    Test worker] a.t._.a.r.BookingRestController          : ]]>&#x1f504;<![CDATA[ PUT /booking/update/BKG1 - Updating booking
2025-11-08T21:04:35.722+07:00  INFO 46414 --- [accommodation-2306214510-be] [    Test worker] a.t._.a.r.BookingRestController          : ]]>&#x1f4b0;<![CDATA[ Price calculation - Old: 500000, New: 500000, Difference: 0
2025-11-08T21:04:35.722+07:00  INFO 46414 --- [accommodation-2306214510-be] [    Test worker] a.t._.a.r.BookingRestController          : ✅ Booking updated - Booking updated successfully
2025-11-08T21:04:35.725+07:00  INFO 46414 --- [accommodation-2306214510-be] [    Test worker] a.t._.a.r.BookingRestController          : === CREATE BOOKING ===
2025-11-08T21:04:35.725+07:00  INFO 46414 --- [accommodation-2306214510-be] [    Test worker] a.t._.a.r.BookingRestController          : Room ID: HOT-abc-001-1-001
2025-11-08T21:04:35.725+07:00  INFO 46414 --- [accommodation-2306214510-be] [    Test worker] a.t._.a.r.BookingRestController          : Check-In: 2025-11-09T21:04:35.725152
2025-11-08T21:04:35.725+07:00  INFO 46414 --- [accommodation-2306214510-be] [    Test worker] a.t._.a.r.BookingRestController          : Check-Out: 2025-11-11T21:04:35.725170
2025-11-08T21:04:35.725+07:00  INFO 46414 --- [accommodation-2306214510-be] [    Test worker] a.t._.a.r.BookingRestController          : Customer: John Doe
2025-11-08T21:04:35.726+07:00  INFO 46414 --- [accommodation-2306214510-be] [    Test worker] a.t._.a.r.BookingRestController          : Checking room availability...
2025-11-08T21:04:35.726+07:00  INFO 46414 --- [accommodation-2306214510-be] [    Test worker] a.t._.a.r.BookingRestController          : Room available: true
2025-11-08T21:04:35.726+07:00  INFO 46414 --- [accommodation-2306214510-be] [    Test worker] a.t._.a.r.BookingRestController          : Saving booking with ID: BKG1 Status: 0 (Waiting) TotalDays: 2 TotalPrice: 600000
2025-11-08T21:04:35.726+07:00  INFO 46414 --- [accommodation-2306214510-be] [    Test worker] a.t._.a.r.BookingRestController          : Booking saved successfully!
2025-11-08T21:04:35.726+07:00  INFO 46414 --- [accommodation-2306214510-be] [    Test worker] a.t._.a.r.BookingRestController          : Saved Booking ID: BKG-HOT-abc-001-20240101-001 Status: 0 CheckIn: 2025-11-09T21:04:35.725177 CheckOut: 2025-11-11T21:04:35.725182
2025-11-08T21:04:35.730+07:00  INFO 46414 --- [accommodation-2306214510-be] [    Test worker] a.t._.a.r.BookingRestController          : === CREATE BOOKING ===
2025-11-08T21:04:35.730+07:00  INFO 46414 --- [accommodation-2306214510-be] [    Test worker] a.t._.a.r.BookingRestController          : Room ID: HOT-abc-001-1-001
2025-11-08T21:04:35.730+07:00  INFO 46414 --- [accommodation-2306214510-be] [    Test worker] a.t._.a.r.BookingRestController          : Check-In: 2025-11-09T21:04:35.730265
2025-11-08T21:04:35.730+07:00  INFO 46414 --- [accommodation-2306214510-be] [    Test worker] a.t._.a.r.BookingRestController          : Check-Out: 2025-11-11T21:04:35.730270
2025-11-08T21:04:35.730+07:00  INFO 46414 --- [accommodation-2306214510-be] [    Test worker] a.t._.a.r.BookingRestController          : Customer: John Doe
2025-11-08T21:04:35.731+07:00  INFO 46414 --- [accommodation-2306214510-be] [    Test worker] a.t._.a.r.BookingRestController          : ]]>&#x1f4b0;<![CDATA[ PUT /booking/refund/BKG1 - Processing refund
2025-11-08T21:04:35.732+07:00  INFO 46414 --- [accommodation-2306214510-be] [    Test worker] a.t._.a.r.BookingRestController          : ]]>&#x1f4ca;<![CDATA[ GET /booking/chart - month: null, year: null
2025-11-08T21:04:35.733+07:00 ERROR 46414 --- [accommodation-2306214510-be] [    Test worker] a.t._.a.r.BookingRestController          : ❌ Error getting booking chart: Error
2025-11-08T21:04:35.734+07:00  INFO 46414 --- [accommodation-2306214510-be] [    Test worker] a.t._.a.r.BookingRestController          : === CONFIRM BOOKING PAYMENT ===
2025-11-08T21:04:35.734+07:00  INFO 46414 --- [accommodation-2306214510-be] [    Test worker] a.t._.a.r.BookingRestController          : Booking ID: BKG1
2025-11-08T21:04:35.734+07:00  INFO 46414 --- [accommodation-2306214510-be] [    Test worker] a.t._.a.r.BookingRestController          : Current booking status: 0
2025-11-08T21:04:35.734+07:00  INFO 46414 --- [accommodation-2306214510-be] [    Test worker] a.t._.a.r.BookingRestController          : Room ID: HOT-abc-001-1-001 CheckIn: 2025-11-09T21:04:35.734513 CheckOut: 2025-11-11T21:04:35.734515
2025-11-08T21:04:35.734+07:00  INFO 46414 --- [accommodation-2306214510-be] [    Test worker] a.t._.a.r.BookingRestController          : Confirming booking...
2025-11-08T21:04:35.735+07:00  INFO 46414 --- [accommodation-2306214510-be] [    Test worker] a.t._.a.r.BookingRestController          : Booking confirmed! New status: 0
2025-11-08T21:04:35.736+07:00  INFO 46414 --- [accommodation-2306214510-be] [    Test worker] a.t._.a.r.BookingRestController          : ]]>&#x1f504;<![CDATA[ PUT /booking/update/BKG1 - Updating booking
2025-11-08T21:04:35.736+07:00  INFO 46414 --- [accommodation-2306214510-be] [    Test worker] a.t._.a.r.BookingRestController          : ]]>&#x1f4b0;<![CDATA[ Price calculation - Old: 1000000, New: 200000, Difference: -800000
2025-11-08T21:04:35.736+07:00  INFO 46414 --- [accommodation-2306214510-be] [    Test worker] a.t._.a.r.BookingRestController          : ✅ Booking updated - Booking updated successfully - Refund amount: Rp 800000
2025-11-08T21:04:35.737+07:00  INFO 46414 --- [accommodation-2306214510-be] [   scheduling-1] a.t._.a.schedule.BookingStatusScheduler  : === Completed automatic booking status update. 0 bookings updated ===
2025-11-08T21:04:35.737+07:00  INFO 46414 --- [accommodation-2306214510-be] [    Test worker] a.t._.a.r.BookingRestController          : ]]>&#x1f504;<![CDATA[ PUT /booking/update/BKG1 - Updating booking
2025-11-08T21:04:35.737+07:00 ERROR 46414 --- [accommodation-2306214510-be] [    Test worker] a.t._.a.r.BookingRestController          : ❌ Error updating booking: Error
2025-11-08T21:04:35.742+07:00  INFO 46414 --- [accommodation-2306214510-be] [    Test worker] a.t._.a.r.BookingRestController          : ]]>&#x1f4b0;<![CDATA[ PUT /booking/refund/BKG1 - Processing refund
2025-11-08T21:04:35.742+07:00  INFO 46414 --- [accommodation-2306214510-be] [    Test worker] a.t._.a.r.BookingRestController          : ]]>&#x1f4b0;<![CDATA[ Refunding Rp 100000 to customer, reducing property HOT-001 income
2025-11-08T21:04:35.742+07:00 ERROR 46414 --- [accommodation-2306214510-be] [    Test worker] a.t._.a.r.BookingRestController          : ❌ Error processing refund: Error
2025-11-08T21:04:35.743+07:00  INFO 46414 --- [accommodation-2306214510-be] [    Test worker] a.t._.a.r.BookingRestController          : ]]>&#x1f4b0;<![CDATA[ PUT /booking/refund/BKG1 - Processing refund
2025-11-08T21:04:35.744+07:00  INFO 46414 --- [accommodation-2306214510-be] [    Test worker] a.t._.a.r.BookingRestController          : ]]>&#x1f4ca;<![CDATA[ GET /booking/chart - month: null, year: null
2025-11-08T21:04:35.744+07:00  INFO 46414 --- [accommodation-2306214510-be] [    Test worker] a.t._.a.r.BookingRestController          : ✅ Chart data prepared with 0 properties
2025-11-08T21:04:35.746+07:00  INFO 46414 --- [accommodation-2306214510-be] [    Test worker] a.t._.a.r.BookingRestController          : === CONFIRM BOOKING PAYMENT ===
2025-11-08T21:04:35.746+07:00  INFO 46414 --- [accommodation-2306214510-be] [    Test worker] a.t._.a.r.BookingRestController          : Booking ID: BKG1
2025-11-08T21:04:35.746+07:00  INFO 46414 --- [accommodation-2306214510-be] [    Test worker] a.t._.a.r.BookingRestController          : Current booking status: 1
2025-11-08T21:04:35.746+07:00  INFO 46414 --- [accommodation-2306214510-be] [    Test worker] a.t._.a.r.BookingRestController          : Room ID: HOT-abc-001-1-001 CheckIn: 2025-11-09T21:04:35.746055 CheckOut: 2025-11-11T21:04:35.746057
2025-11-08T21:04:35.746+07:00  WARN 46414 --- [accommodation-2306214510-be] [    Test worker] a.t._.a.r.BookingRestController          : Booking status is not 0, current status: 1
2025-11-08T21:04:35.748+07:00  INFO 46414 --- [accommodation-2306214510-be] [    Test worker] a.t._.a.r.BookingRestController          : ]]>&#x1f504;<![CDATA[ PUT /booking/update/BKG1 - Updating booking
2025-11-08T21:04:35.749+07:00  INFO 46414 --- [accommodation-2306214510-be] [    Test worker] a.t._.a.r.BookingRestController          : === CONFIRM BOOKING PAYMENT ===
2025-11-08T21:04:35.749+07:00  INFO 46414 --- [accommodation-2306214510-be] [    Test worker] a.t._.a.r.BookingRestController          : Booking ID: BKG1
2025-11-08T21:04:35.749+07:00  WARN 46414 --- [accommodation-2306214510-be] [    Test worker] a.t._.a.r.BookingRestController          : Booking not found: BKG1
2025-11-08T21:04:35.750+07:00  INFO 46414 --- [accommodation-2306214510-be] [    Test worker] a.t._.a.r.BookingRestController          : ]]>&#x1f4ca;<![CDATA[ GET /booking/chart - month: null, year: null
2025-11-08T21:04:35.750+07:00  INFO 46414 --- [accommodation-2306214510-be] [    Test worker] a.t._.a.r.BookingRestController          : ✅ Chart data prepared with 1 properties
2025-11-08T21:04:35.751+07:00  INFO 46414 --- [accommodation-2306214510-be] [    Test worker] a.t._.a.r.BookingRestController          : ]]>&#x1f504;<![CDATA[ PUT /booking/update/BKG1 - Updating booking
2025-11-08T21:04:35.753+07:00  INFO 46414 --- [accommodation-2306214510-be] [    Test worker] a.t._.a.r.BookingRestController          : === CREATE BOOKING ===
2025-11-08T21:04:35.753+07:00  INFO 46414 --- [accommodation-2306214510-be] [    Test worker] a.t._.a.r.BookingRestController          : Room ID: HOT-abc-001-1-001
2025-11-08T21:04:35.753+07:00  INFO 46414 --- [accommodation-2306214510-be] [    Test worker] a.t._.a.r.BookingRestController          : Check-In: 2025-11-09T21:04:35.753553
2025-11-08T21:04:35.753+07:00  INFO 46414 --- [accommodation-2306214510-be] [    Test worker] a.t._.a.r.BookingRestController          : Check-Out: 2025-11-11T21:04:35.753556
2025-11-08T21:04:35.753+07:00  INFO 46414 --- [accommodation-2306214510-be] [    Test worker] a.t._.a.r.BookingRestController          : Customer: John Doe
2025-11-08T21:04:35.753+07:00  INFO 46414 --- [accommodation-2306214510-be] [    Test worker] a.t._.a.r.BookingRestController          : Checking room availability...
2025-11-08T21:04:35.753+07:00  INFO 46414 --- [accommodation-2306214510-be] [    Test worker] a.t._.a.r.BookingRestController          : Room available: false
2025-11-08T21:04:35.754+07:00  WARN 46414 --- [accommodation-2306214510-be] [    Test worker] a.t._.a.r.BookingRestController          : Room is not available for requested dates
2025-11-08T21:04:35.754+07:00  INFO 46414 --- [accommodation-2306214510-be] [    Test worker] a.t._.a.r.BookingRestController          : ]]>&#x1f4ca;<![CDATA[ GET /booking/chart - month: 1, year: 2024
2025-11-08T21:04:35.755+07:00  INFO 46414 --- [accommodation-2306214510-be] [    Test worker] a.t._.a.r.BookingRestController          : ✅ Chart data prepared with 1 properties
2025-11-08T21:04:35.755+07:00  INFO 46414 --- [accommodation-2306214510-be] [    Test worker] a.t._.a.r.BookingRestController          : ]]>&#x1f4ca;<![CDATA[ GET /booking/chart - month: null, year: null
2025-11-08T21:04:35.756+07:00  INFO 46414 --- [accommodation-2306214510-be] [    Test worker] a.t._.a.r.BookingRestController          : ✅ Chart data prepared with 0 properties
2025-11-08T21:04:35.756+07:00  INFO 46414 --- [accommodation-2306214510-be] [    Test worker] a.t._.a.r.BookingRestController          : === CREATE BOOKING ===
2025-11-08T21:04:35.756+07:00  INFO 46414 --- [accommodation-2306214510-be] [    Test worker] a.t._.a.r.BookingRestController          : Room ID: HOT-abc-001-1-001
2025-11-08T21:04:35.756+07:00  INFO 46414 --- [accommodation-2306214510-be] [    Test worker] a.t._.a.r.BookingRestController          : Check-In: 2025-11-08T21:04:35.756824
2025-11-08T21:04:35.757+07:00  INFO 46414 --- [accommodation-2306214510-be] [    Test worker] a.t._.a.r.BookingRestController          : Check-Out: 2025-11-07T21:04:35.756819
2025-11-08T21:04:35.757+07:00  INFO 46414 --- [accommodation-2306214510-be] [    Test worker] a.t._.a.r.BookingRestController          : Customer: John Doe
2025-11-08T21:04:35.757+07:00  WARN 46414 --- [accommodation-2306214510-be] [    Test worker] a.t._.a.r.BookingRestController          : Invalid dates: CheckOut before CheckIn
2025-11-08T21:04:35.759+07:00  INFO 46414 --- [accommodation-2306214510-be] [    Test worker] a.t._.a.r.BookingRestController          : === CREATE BOOKING ===
2025-11-08T21:04:35.759+07:00  INFO 46414 --- [accommodation-2306214510-be] [    Test worker] a.t._.a.r.BookingRestController          : Room ID: HOT-abc-001-1-001
2025-11-08T21:04:35.759+07:00  INFO 46414 --- [accommodation-2306214510-be] [    Test worker] a.t._.a.r.BookingRestController          : Check-In: 2025-11-09T21:04:35.758703
2025-11-08T21:04:35.759+07:00  INFO 46414 --- [accommodation-2306214510-be] [    Test worker] a.t._.a.r.BookingRestController          : Check-Out: 2025-11-11T21:04:35.758706
2025-11-08T21:04:35.759+07:00  INFO 46414 --- [accommodation-2306214510-be] [    Test worker] a.t._.a.r.BookingRestController          : Customer: John Doe
2025-11-08T21:04:35.759+07:00  INFO 46414 --- [accommodation-2306214510-be] [    Test worker] a.t._.a.r.BookingRestController          : Checking room availability...
2025-11-08T21:04:35.759+07:00  INFO 46414 --- [accommodation-2306214510-be] [    Test worker] a.t._.a.r.BookingRestController          : Room available: true
2025-11-08T21:04:35.759+07:00  INFO 46414 --- [accommodation-2306214510-be] [    Test worker] a.t._.a.r.BookingRestController          : Saving booking with ID: BKG-HOT-abc-001-20240101-001 Status: 0 (Waiting) TotalDays: 2 TotalPrice: 500000
2025-11-08T21:04:35.759+07:00  INFO 46414 --- [accommodation-2306214510-be] [    Test worker] a.t._.a.r.BookingRestController          : Booking saved successfully!
2025-11-08T21:04:35.759+07:00  INFO 46414 --- [accommodation-2306214510-be] [    Test worker] a.t._.a.r.BookingRestController          : Saved Booking ID: BKG-HOT-abc-001-20240101-001 Status: 0 CheckIn: 2025-11-09T21:04:35.758708 CheckOut: 2025-11-11T21:04:35.758709
2025-11-08T21:04:35.761+07:00  INFO 46414 --- [accommodation-2306214510-be] [    Test worker] a.t._.a.r.BookingRestController          : ]]>&#x1f504;<![CDATA[ PUT /booking/update/BKG1 - Updating booking
2025-11-08T21:04:35.761+07:00  INFO 46414 --- [accommodation-2306214510-be] [    Test worker] a.t._.a.r.BookingRestController          : ]]>&#x1f4b0;<![CDATA[ Price calculation - Old: 300000, New: 1000000, Difference: 700000
2025-11-08T21:04:35.761+07:00  INFO 46414 --- [accommodation-2306214510-be] [    Test worker] a.t._.a.r.BookingRestController          : ✅ Booking updated - Booking updated successfully - Extra payment required: Rp 700000
2025-11-08T21:04:35.763+07:00  INFO 46414 --- [accommodation-2306214510-be] [    Test worker] a.t._.a.r.BookingRestController          : ]]>&#x1f4b0;<![CDATA[ PUT /booking/refund/BKG1 - Processing refund
2025-11-08T21:04:35.764+07:00  INFO 46414 --- [accommodation-2306214510-be] [    Test worker] a.t._.a.r.BookingRestController          : === CONFIRM BOOKING PAYMENT ===
2025-11-08T21:04:35.764+07:00  INFO 46414 --- [accommodation-2306214510-be] [    Test worker] a.t._.a.r.BookingRestController          : Booking ID: BKG1
2025-11-08T21:04:35.764+07:00  INFO 46414 --- [accommodation-2306214510-be] [    Test worker] a.t._.a.r.BookingRestController          : Current booking status: 0
2025-11-08T21:04:35.764+07:00  INFO 46414 --- [accommodation-2306214510-be] [    Test worker] a.t._.a.r.BookingRestController          : Room ID: HOT-abc-001-1-001 CheckIn: 2025-11-09T21:04:35.764329 CheckOut: 2025-11-11T21:04:35.764330
2025-11-08T21:04:35.764+07:00  INFO 46414 --- [accommodation-2306214510-be] [    Test worker] a.t._.a.r.BookingRestController          : Confirming booking...
2025-11-08T21:04:35.766+07:00  INFO 46414 --- [accommodation-2306214510-be] [    Test worker] a.t._.a.r.BookingRestController          : ]]>&#x1f4b0;<![CDATA[ PUT /booking/refund/BKG1 - Processing refund
2025-11-08T21:04:35.766+07:00  INFO 46414 --- [accommodation-2306214510-be] [    Test worker] a.t._.a.r.BookingRestController          : ]]>&#x1f4b0;<![CDATA[ Refunding Rp 100000 to customer, reducing property HOT-001 income
2025-11-08T21:04:35.766+07:00  INFO 46414 --- [accommodation-2306214510-be] [    Test worker] a.t._.a.r.BookingRestController          : ✅ Refund processed successfully
2025-11-08T21:04:35.767+07:00  INFO 46414 --- [accommodation-2306214510-be] [    Test worker] a.t._.a.r.BookingRestController          : === CREATE BOOKING ===
2025-11-08T21:04:35.767+07:00  INFO 46414 --- [accommodation-2306214510-be] [    Test worker] a.t._.a.r.BookingRestController          : Room ID: HOT-abc-001-1-001
2025-11-08T21:04:35.767+07:00  INFO 46414 --- [accommodation-2306214510-be] [    Test worker] a.t._.a.r.BookingRestController          : Check-In: 2025-11-09T21:04:35.767594
2025-11-08T21:04:35.767+07:00  INFO 46414 --- [accommodation-2306214510-be] [    Test worker] a.t._.a.r.BookingRestController          : Check-Out: 2025-11-11T21:04:35.767596
2025-11-08T21:04:35.767+07:00  INFO 46414 --- [accommodation-2306214510-be] [    Test worker] a.t._.a.r.BookingRestController          : Customer: John Doe
2025-11-08T21:04:35.767+07:00  WARN 46414 --- [accommodation-2306214510-be] [    Test worker] a.t._.a.r.BookingRestController          : Room not found: HOT-abc-001-1-001
2025-11-08T21:04:35.768+07:00  INFO 46414 --- [accommodation-2306214510-be] [    Test worker] a.t._.a.r.BookingRestController          : ]]>&#x1f504;<![CDATA[ PUT /booking/update/BKG1 - Updating booking
2025-11-08T21:04:35.769+07:00  INFO 46414 --- [accommodation-2306214510-be] [    Test worker] a.t._.a.r.BookingRestController          : ]]>&#x1f4b0;<![CDATA[ PUT /booking/refund/BKG1 - Processing refund
]]></system-out>
  <system-err><![CDATA[]]></system-err>
</testsuite>
